Mon 21 Jul 2025 12:35:04 INFO  [Training]: train_batch_size = [2048] train_neg_sample_args: [{'distribution': 'uniform', 'sample_num': 1, 'alpha': 1.0, 'dynamic': False, 'candidate_num': 0}]
Mon 21 Jul 2025 12:35:04 INFO  [Evaluation]: eval_batch_size = [4096] eval_args: [{'split': {'RS': [0.8, 0.1, 0.1]}, 'order': 'RO', 'group_by': 'user', 'mode': {'valid': 'full', 'test': 'full'}}]
Mon 21 Jul 2025 12:35:10 INFO  Loading model structure and parameters from ROOT_PATH/log/saved/BPR-Jul-21-2025_12-35-04.pth
Mon 21 Jul 2025 12:35:10 INFO  
General Hyper Parameters:
gpu_id = 0
use_gpu = True
seed = 2020
state = INFO
reproducibility = True
data_path = C:\Users\Sharjeel Mustafa\miniconda3\envs\recbole\Lib\site-packages\recbole\config\../dataset_example/ml-100k
checkpoint_dir = saved
show_progress = True
save_dataset = False
dataset_save_path = None
save_dataloaders = False
dataloaders_save_path = None
log_wandb = False

Training Hyper Parameters:
epochs = 300
train_batch_size = 2048
learner = adam
learning_rate = 0.000851776899960467
train_neg_sample_args = {'distribution': 'uniform', 'sample_num': 1, 'alpha': 1.0, 'dynamic': False, 'candidate_num': 0}
eval_step = 1
stopping_step = 10
clip_grad_norm = None
weight_decay = 0.0
loss_decimal_place = 4

Evaluation Hyper Parameters:
eval_args = {'split': {'RS': [0.8, 0.1, 0.1]}, 'order': 'RO', 'group_by': 'user', 'mode': {'valid': 'full', 'test': 'full'}}
repeatable = False
metrics = ['Recall', 'MRR', 'NDCG', 'Hit', 'Precision']
topk = [10]
valid_metric = MRR@10
valid_metric_bigger = True
eval_batch_size = 4096
metric_decimal_place = 4

Dataset Hyper Parameters:
field_separator = 	
seq_separator =  
USER_ID_FIELD = user_id
ITEM_ID_FIELD = item_id
RATING_FIELD = rating
TIME_FIELD = timestamp
seq_len = None
LABEL_FIELD = label
threshold = None
NEG_PREFIX = neg_
load_col = {'inter': ['user_id', 'item_id', 'rating', 'timestamp']}
unload_col = None
unused_col = None
additional_feat_suffix = None
rm_dup_inter = None
val_interval = None
filter_inter_by_user_or_item = True
user_inter_num_interval = None
item_inter_num_interval = None
alias_of_user_id = None
alias_of_item_id = None
alias_of_entity_id = None
alias_of_relation_id = None
preload_weight = None
normalize_field = None
normalize_all = True
ITEM_LIST_LENGTH_FIELD = item_length
LIST_SUFFIX = _list
MAX_ITEM_LIST_LENGTH = 50
POSITION_FIELD = position_id
HEAD_ENTITY_ID_FIELD = head_id
TAIL_ENTITY_ID_FIELD = tail_id
RELATION_ID_FIELD = relation_id
ENTITY_ID_FIELD = entity_id
kg_reverse_r = False
entity_kg_num_interval = None
relation_kg_num_interval = None
benchmark_filename = None

Other Hyper Parameters: 
worker = 0
wandb_project = recbole
shuffle = True
require_pow = False
enable_amp = False
enable_scaler = False
transform = None
embedding_size = 96
numerical_features = []
discretization = None
MODEL_TYPE = ModelType.GENERAL
mlp_hidden_size = [64, 64, 64]
MODEL_INPUT_TYPE = InputType.PAIRWISE
eval_type = EvaluatorType.RANKING
single_spec = True
local_rank = 0
device = cuda
valid_neg_sample_args = {'distribution': 'uniform', 'sample_num': 'none'}
test_neg_sample_args = {'distribution': 'uniform', 'sample_num': 'none'}


Mon 21 Jul 2025 12:35:10 INFO  ml-100k
The number of users: 944
Average actions of users: 106.04453870625663
The number of items: 1683
Average actions of items: 59.45303210463734
The number of inters: 100000
The sparsity of the dataset: 93.70575143257098%
Remain Fields: ['user_id', 'item_id', 'rating', 'timestamp']
Mon 21 Jul 2025 12:35:11 INFO  [Training]: train_batch_size = [2048] train_neg_sample_args: [{'distribution': 'uniform', 'sample_num': 1, 'alpha': 1.0, 'dynamic': False, 'candidate_num': 0}]
Mon 21 Jul 2025 12:35:11 INFO  [Evaluation]: eval_batch_size = [4096] eval_args: [{'split': {'RS': [0.8, 0.1, 0.1]}, 'order': 'RO', 'group_by': 'user', 'mode': {'valid': 'full', 'test': 'full'}}]
Mon 21 Jul 2025 12:35:11 INFO  BPR(
  (user_embedding): Embedding(944, 96)
  (item_embedding): Embedding(1683, 96)
  (loss): BPRLoss()
)
Trainable parameters: 252192
Mon 21 Jul 2025 12:35:11 INFO  epoch 0 training [time: 0.13s, train loss: 27.7235]
Mon 21 Jul 2025 12:35:11 INFO  epoch 0 evaluating [time: 0.29s, valid_score: 0.017100]
Mon 21 Jul 2025 12:35:11 INFO  valid result: 
recall@10 : 0.0051    mrr@10 : 0.0171    ndcg@10 : 0.007    hit@10 : 0.0626    precision@10 : 0.0066
Mon 21 Jul 2025 12:35:11 INFO  Saving current: saved\BPR-Jul-21-2025_12-35-11.pth
Mon 21 Jul 2025 12:35:11 INFO  epoch 1 training [time: 0.15s, train loss: 27.6263]
Mon 21 Jul 2025 12:35:11 INFO  epoch 1 evaluating [time: 0.28s, valid_score: 0.028100]
Mon 21 Jul 2025 12:35:11 INFO  valid result: 
recall@10 : 0.008    mrr@10 : 0.0281    ndcg@10 : 0.0115    hit@10 : 0.0976    precision@10 : 0.0109
Mon 21 Jul 2025 12:35:11 INFO  Saving current: saved\BPR-Jul-21-2025_12-35-11.pth
Mon 21 Jul 2025 12:35:12 INFO  epoch 2 training [time: 0.14s, train loss: 27.3854]
Mon 21 Jul 2025 12:35:12 INFO  epoch 2 evaluating [time: 0.27s, valid_score: 0.118600]
Mon 21 Jul 2025 12:35:12 INFO  valid result: 
recall@10 : 0.0365    mrr@10 : 0.1186    ndcg@10 : 0.054    hit@10 : 0.3054    precision@10 : 0.0475
Mon 21 Jul 2025 12:35:12 INFO  Saving current: saved\BPR-Jul-21-2025_12-35-11.pth
Mon 21 Jul 2025 12:35:12 INFO  epoch 3 training [time: 0.13s, train loss: 26.5119]
Mon 21 Jul 2025 12:35:12 INFO  epoch 3 evaluating [time: 0.27s, valid_score: 0.225500]
Mon 21 Jul 2025 12:35:12 INFO  valid result: 
recall@10 : 0.082    mrr@10 : 0.2255    ndcg@10 : 0.1103    hit@10 : 0.4666    precision@10 : 0.0856
Mon 21 Jul 2025 12:35:12 INFO  Saving current: saved\BPR-Jul-21-2025_12-35-11.pth
Mon 21 Jul 2025 12:35:12 INFO  epoch 4 training [time: 0.13s, train loss: 24.0562]
Mon 21 Jul 2025 12:35:13 INFO  epoch 4 evaluating [time: 0.30s, valid_score: 0.263400]
Mon 21 Jul 2025 12:35:13 INFO  valid result: 
recall@10 : 0.1035    mrr@10 : 0.2634    ndcg@10 : 0.1342    hit@10 : 0.5228    precision@10 : 0.1006
Mon 21 Jul 2025 12:35:13 INFO  Saving current: saved\BPR-Jul-21-2025_12-35-11.pth
Mon 21 Jul 2025 12:35:13 INFO  epoch 5 training [time: 0.15s, train loss: 20.0604]
Mon 21 Jul 2025 12:35:13 INFO  epoch 5 evaluating [time: 0.29s, valid_score: 0.269800]
Mon 21 Jul 2025 12:35:13 INFO  valid result: 
recall@10 : 0.1155    mrr@10 : 0.2698    ndcg@10 : 0.1425    hit@10 : 0.5419    precision@10 : 0.1057
Mon 21 Jul 2025 12:35:13 INFO  Saving current: saved\BPR-Jul-21-2025_12-35-11.pth
Mon 21 Jul 2025 12:35:13 INFO  epoch 6 training [time: 0.13s, train loss: 16.6264]
Mon 21 Jul 2025 12:35:14 INFO  epoch 6 evaluating [time: 0.28s, valid_score: 0.290300]
Mon 21 Jul 2025 12:35:14 INFO  valid result: 
recall@10 : 0.1274    mrr@10 : 0.2903    ndcg@10 : 0.1535    hit@10 : 0.5716    precision@10 : 0.1098
Mon 21 Jul 2025 12:35:14 INFO  Saving current: saved\BPR-Jul-21-2025_12-35-11.pth
Mon 21 Jul 2025 12:35:14 INFO  epoch 7 training [time: 0.15s, train loss: 14.7305]
Mon 21 Jul 2025 12:35:14 INFO  epoch 7 evaluating [time: 0.29s, valid_score: 0.302100]
Mon 21 Jul 2025 12:35:14 INFO  valid result: 
recall@10 : 0.1345    mrr@10 : 0.3021    ndcg@10 : 0.1589    hit@10 : 0.5938    precision@10 : 0.1113
Mon 21 Jul 2025 12:35:14 INFO  Saving current: saved\BPR-Jul-21-2025_12-35-11.pth
Mon 21 Jul 2025 12:35:14 INFO  epoch 8 training [time: 0.15s, train loss: 13.6511]
Mon 21 Jul 2025 12:35:14 INFO  epoch 8 evaluating [time: 0.30s, valid_score: 0.310800]
Mon 21 Jul 2025 12:35:14 INFO  valid result: 
recall@10 : 0.138    mrr@10 : 0.3108    ndcg@10 : 0.1642    hit@10 : 0.5949    precision@10 : 0.1111
Mon 21 Jul 2025 12:35:14 INFO  Saving current: saved\BPR-Jul-21-2025_12-35-11.pth
Mon 21 Jul 2025 12:35:15 INFO  epoch 9 training [time: 0.16s, train loss: 12.9078]
Mon 21 Jul 2025 12:35:15 INFO  epoch 9 evaluating [time: 0.30s, valid_score: 0.315600]
Mon 21 Jul 2025 12:35:15 INFO  valid result: 
recall@10 : 0.1501    mrr@10 : 0.3156    ndcg@10 : 0.1712    hit@10 : 0.6225    precision@10 : 0.1175
Mon 21 Jul 2025 12:35:15 INFO  Saving current: saved\BPR-Jul-21-2025_12-35-11.pth
Mon 21 Jul 2025 12:35:15 INFO  epoch 10 training [time: 0.16s, train loss: 12.3562]
Mon 21 Jul 2025 12:35:15 INFO  epoch 10 evaluating [time: 0.27s, valid_score: 0.322400]
Mon 21 Jul 2025 12:35:15 INFO  valid result: 
recall@10 : 0.1589    mrr@10 : 0.3224    ndcg@10 : 0.1782    hit@10 : 0.6448    precision@10 : 0.1224
Mon 21 Jul 2025 12:35:15 INFO  Saving current: saved\BPR-Jul-21-2025_12-35-11.pth
Mon 21 Jul 2025 12:35:16 INFO  epoch 11 training [time: 0.13s, train loss: 11.8252]
Mon 21 Jul 2025 12:35:16 INFO  epoch 11 evaluating [time: 0.27s, valid_score: 0.324600]
Mon 21 Jul 2025 12:35:16 INFO  valid result: 
recall@10 : 0.1678    mrr@10 : 0.3246    ndcg@10 : 0.1837    hit@10 : 0.6522    precision@10 : 0.1268
Mon 21 Jul 2025 12:35:16 INFO  Saving current: saved\BPR-Jul-21-2025_12-35-11.pth
Mon 21 Jul 2025 12:35:16 INFO  epoch 12 training [time: 0.13s, train loss: 11.3297]
Mon 21 Jul 2025 12:35:16 INFO  epoch 12 evaluating [time: 0.27s, valid_score: 0.325400]
Mon 21 Jul 2025 12:35:16 INFO  valid result: 
recall@10 : 0.1682    mrr@10 : 0.3254    ndcg@10 : 0.185    hit@10 : 0.6522    precision@10 : 0.1276
Mon 21 Jul 2025 12:35:16 INFO  Saving current: saved\BPR-Jul-21-2025_12-35-11.pth
Mon 21 Jul 2025 12:35:16 INFO  epoch 13 training [time: 0.13s, train loss: 10.9138]
Mon 21 Jul 2025 12:35:17 INFO  epoch 13 evaluating [time: 0.28s, valid_score: 0.331200]
Mon 21 Jul 2025 12:35:17 INFO  valid result: 
recall@10 : 0.173    mrr@10 : 0.3312    ndcg@10 : 0.1906    hit@10 : 0.6617    precision@10 : 0.1321
Mon 21 Jul 2025 12:35:17 INFO  Saving current: saved\BPR-Jul-21-2025_12-35-11.pth
Mon 21 Jul 2025 12:35:17 INFO  epoch 14 training [time: 0.13s, train loss: 10.5387]
Mon 21 Jul 2025 12:35:17 INFO  epoch 14 evaluating [time: 0.28s, valid_score: 0.333400]
Mon 21 Jul 2025 12:35:17 INFO  valid result: 
recall@10 : 0.1739    mrr@10 : 0.3334    ndcg@10 : 0.1916    hit@10 : 0.6734    precision@10 : 0.1327
Mon 21 Jul 2025 12:35:17 INFO  Saving current: saved\BPR-Jul-21-2025_12-35-11.pth
Mon 21 Jul 2025 12:35:17 INFO  epoch 15 training [time: 0.14s, train loss: 10.1585]
Mon 21 Jul 2025 12:35:17 INFO  epoch 15 evaluating [time: 0.27s, valid_score: 0.332500]
Mon 21 Jul 2025 12:35:17 INFO  valid result: 
recall@10 : 0.1777    mrr@10 : 0.3325    ndcg@10 : 0.1935    hit@10 : 0.6734    precision@10 : 0.1344
Mon 21 Jul 2025 12:35:18 INFO  epoch 16 training [time: 0.13s, train loss: 9.8522]
Mon 21 Jul 2025 12:35:18 INFO  epoch 16 evaluating [time: 0.27s, valid_score: 0.335400]
Mon 21 Jul 2025 12:35:18 INFO  valid result: 
recall@10 : 0.181    mrr@10 : 0.3354    ndcg@10 : 0.195    hit@10 : 0.6872    precision@10 : 0.1364
Mon 21 Jul 2025 12:35:18 INFO  Saving current: saved\BPR-Jul-21-2025_12-35-11.pth
Mon 21 Jul 2025 12:35:18 INFO  epoch 17 training [time: 0.13s, train loss: 9.5095]
Mon 21 Jul 2025 12:35:18 INFO  epoch 17 evaluating [time: 0.27s, valid_score: 0.337500]
Mon 21 Jul 2025 12:35:18 INFO  valid result: 
recall@10 : 0.1821    mrr@10 : 0.3375    ndcg@10 : 0.1973    hit@10 : 0.6893    precision@10 : 0.1375
Mon 21 Jul 2025 12:35:18 INFO  Saving current: saved\BPR-Jul-21-2025_12-35-11.pth
Mon 21 Jul 2025 12:35:18 INFO  epoch 18 training [time: 0.14s, train loss: 9.1883]
Mon 21 Jul 2025 12:35:19 INFO  epoch 18 evaluating [time: 0.29s, valid_score: 0.342900]
Mon 21 Jul 2025 12:35:19 INFO  valid result: 
recall@10 : 0.1842    mrr@10 : 0.3429    ndcg@10 : 0.2003    hit@10 : 0.6903    precision@10 : 0.1392
Mon 21 Jul 2025 12:35:19 INFO  Saving current: saved\BPR-Jul-21-2025_12-35-11.pth
Mon 21 Jul 2025 12:35:19 INFO  epoch 19 training [time: 0.13s, train loss: 9.0851]
Mon 21 Jul 2025 12:35:19 INFO  epoch 19 evaluating [time: 0.29s, valid_score: 0.339900]
Mon 21 Jul 2025 12:35:19 INFO  valid result: 
recall@10 : 0.1865    mrr@10 : 0.3399    ndcg@10 : 0.2016    hit@10 : 0.6914    precision@10 : 0.1416
Mon 21 Jul 2025 12:35:19 INFO  epoch 20 training [time: 0.13s, train loss: 8.8733]
Mon 21 Jul 2025 12:35:20 INFO  epoch 20 evaluating [time: 0.28s, valid_score: 0.345300]
Mon 21 Jul 2025 12:35:20 INFO  valid result: 
recall@10 : 0.1877    mrr@10 : 0.3453    ndcg@10 : 0.2035    hit@10 : 0.6925    precision@10 : 0.144
Mon 21 Jul 2025 12:35:20 INFO  Saving current: saved\BPR-Jul-21-2025_12-35-11.pth
Mon 21 Jul 2025 12:35:20 INFO  epoch 21 training [time: 0.16s, train loss: 8.6307]
Mon 21 Jul 2025 12:35:20 INFO  epoch 21 evaluating [time: 0.30s, valid_score: 0.342900]
Mon 21 Jul 2025 12:35:20 INFO  valid result: 
recall@10 : 0.189    mrr@10 : 0.3429    ndcg@10 : 0.204    hit@10 : 0.701    precision@10 : 0.1453
Mon 21 Jul 2025 12:35:20 INFO  epoch 22 training [time: 0.16s, train loss: 8.3906]
Mon 21 Jul 2025 12:35:20 INFO  epoch 22 evaluating [time: 0.30s, valid_score: 0.343900]
Mon 21 Jul 2025 12:35:20 INFO  valid result: 
recall@10 : 0.1889    mrr@10 : 0.3439    ndcg@10 : 0.2045    hit@10 : 0.6935    precision@10 : 0.1452
Mon 21 Jul 2025 12:35:21 INFO  epoch 23 training [time: 0.15s, train loss: 8.3149]
Mon 21 Jul 2025 12:35:21 INFO  epoch 23 evaluating [time: 0.29s, valid_score: 0.341200]
Mon 21 Jul 2025 12:35:21 INFO  valid result: 
recall@10 : 0.1916    mrr@10 : 0.3412    ndcg@10 : 0.2053    hit@10 : 0.6925    precision@10 : 0.1455
Mon 21 Jul 2025 12:35:21 INFO  epoch 24 training [time: 0.16s, train loss: 8.0496]
Mon 21 Jul 2025 12:35:21 INFO  epoch 24 evaluating [time: 0.29s, valid_score: 0.343100]
Mon 21 Jul 2025 12:35:21 INFO  valid result: 
recall@10 : 0.1934    mrr@10 : 0.3431    ndcg@10 : 0.207    hit@10 : 0.6999    precision@10 : 0.1474
Mon 21 Jul 2025 12:35:22 INFO  epoch 25 training [time: 0.16s, train loss: 7.9470]
Mon 21 Jul 2025 12:35:22 INFO  epoch 25 evaluating [time: 0.30s, valid_score: 0.349500]
Mon 21 Jul 2025 12:35:22 INFO  valid result: 
recall@10 : 0.1944    mrr@10 : 0.3495    ndcg@10 : 0.2088    hit@10 : 0.6999    precision@10 : 0.1477
Mon 21 Jul 2025 12:35:22 INFO  Saving current: saved\BPR-Jul-21-2025_12-35-11.pth
Mon 21 Jul 2025 12:35:22 INFO  epoch 26 training [time: 0.15s, train loss: 7.8023]
Mon 21 Jul 2025 12:35:22 INFO  epoch 26 evaluating [time: 0.27s, valid_score: 0.351500]
Mon 21 Jul 2025 12:35:22 INFO  valid result: 
recall@10 : 0.1948    mrr@10 : 0.3515    ndcg@10 : 0.2095    hit@10 : 0.7031    precision@10 : 0.148
Mon 21 Jul 2025 12:35:22 INFO  Saving current: saved\BPR-Jul-21-2025_12-35-11.pth
Mon 21 Jul 2025 12:35:22 INFO  epoch 27 training [time: 0.13s, train loss: 7.7110]
Mon 21 Jul 2025 12:35:23 INFO  epoch 27 evaluating [time: 0.28s, valid_score: 0.351700]
Mon 21 Jul 2025 12:35:23 INFO  valid result: 
recall@10 : 0.198    mrr@10 : 0.3517    ndcg@10 : 0.2124    hit@10 : 0.7105    precision@10 : 0.1515
Mon 21 Jul 2025 12:35:23 INFO  Saving current: saved\BPR-Jul-21-2025_12-35-11.pth
Mon 21 Jul 2025 12:35:23 INFO  epoch 28 training [time: 0.13s, train loss: 7.5378]
Mon 21 Jul 2025 12:35:23 INFO  epoch 28 evaluating [time: 0.29s, valid_score: 0.352300]
Mon 21 Jul 2025 12:35:23 INFO  valid result: 
recall@10 : 0.197    mrr@10 : 0.3523    ndcg@10 : 0.2131    hit@10 : 0.7179    precision@10 : 0.1521
Mon 21 Jul 2025 12:35:23 INFO  Saving current: saved\BPR-Jul-21-2025_12-35-11.pth
Mon 21 Jul 2025 12:35:23 INFO  epoch 29 training [time: 0.13s, train loss: 7.3622]
Mon 21 Jul 2025 12:35:24 INFO  epoch 29 evaluating [time: 0.27s, valid_score: 0.355300]
Mon 21 Jul 2025 12:35:24 INFO  valid result: 
recall@10 : 0.1973    mrr@10 : 0.3553    ndcg@10 : 0.2129    hit@10 : 0.7169    precision@10 : 0.1509
Mon 21 Jul 2025 12:35:24 INFO  Saving current: saved\BPR-Jul-21-2025_12-35-11.pth
Mon 21 Jul 2025 12:35:24 INFO  epoch 30 training [time: 0.13s, train loss: 7.2538]
Mon 21 Jul 2025 12:35:24 INFO  epoch 30 evaluating [time: 0.27s, valid_score: 0.363000]
Mon 21 Jul 2025 12:35:24 INFO  valid result: 
recall@10 : 0.2015    mrr@10 : 0.363    ndcg@10 : 0.2174    hit@10 : 0.7275    precision@10 : 0.1537
Mon 21 Jul 2025 12:35:24 INFO  Saving current: saved\BPR-Jul-21-2025_12-35-11.pth
Mon 21 Jul 2025 12:35:24 INFO  epoch 31 training [time: 0.13s, train loss: 7.2105]
Mon 21 Jul 2025 12:35:24 INFO  epoch 31 evaluating [time: 0.27s, valid_score: 0.365100]
Mon 21 Jul 2025 12:35:24 INFO  valid result: 
recall@10 : 0.2035    mrr@10 : 0.3651    ndcg@10 : 0.2181    hit@10 : 0.7306    precision@10 : 0.1541
Mon 21 Jul 2025 12:35:24 INFO  Saving current: saved\BPR-Jul-21-2025_12-35-11.pth
Mon 21 Jul 2025 12:35:25 INFO  epoch 32 training [time: 0.13s, train loss: 7.0567]
Mon 21 Jul 2025 12:35:25 INFO  epoch 32 evaluating [time: 0.27s, valid_score: 0.367100]
Mon 21 Jul 2025 12:35:25 INFO  valid result: 
recall@10 : 0.2019    mrr@10 : 0.3671    ndcg@10 : 0.2175    hit@10 : 0.7306    precision@10 : 0.1526
Mon 21 Jul 2025 12:35:25 INFO  Saving current: saved\BPR-Jul-21-2025_12-35-11.pth
Mon 21 Jul 2025 12:35:25 INFO  epoch 33 training [time: 0.13s, train loss: 6.9584]
Mon 21 Jul 2025 12:35:25 INFO  epoch 33 evaluating [time: 0.27s, valid_score: 0.368200]
Mon 21 Jul 2025 12:35:25 INFO  valid result: 
recall@10 : 0.2026    mrr@10 : 0.3682    ndcg@10 : 0.2195    hit@10 : 0.7328    precision@10 : 0.1542
Mon 21 Jul 2025 12:35:25 INFO  Saving current: saved\BPR-Jul-21-2025_12-35-11.pth
Mon 21 Jul 2025 12:35:25 INFO  epoch 34 training [time: 0.13s, train loss: 6.8372]
Mon 21 Jul 2025 12:35:26 INFO  epoch 34 evaluating [time: 0.28s, valid_score: 0.363900]
Mon 21 Jul 2025 12:35:26 INFO  valid result: 
recall@10 : 0.2021    mrr@10 : 0.3639    ndcg@10 : 0.2179    hit@10 : 0.7317    precision@10 : 0.1526
Mon 21 Jul 2025 12:35:26 INFO  epoch 35 training [time: 0.13s, train loss: 6.7181]
Mon 21 Jul 2025 12:35:26 INFO  epoch 35 evaluating [time: 0.27s, valid_score: 0.364000]
Mon 21 Jul 2025 12:35:26 INFO  valid result: 
recall@10 : 0.2019    mrr@10 : 0.364    ndcg@10 : 0.2172    hit@10 : 0.7243    precision@10 : 0.152
Mon 21 Jul 2025 12:35:26 INFO  epoch 36 training [time: 0.13s, train loss: 6.5609]
Mon 21 Jul 2025 12:35:26 INFO  epoch 36 evaluating [time: 0.27s, valid_score: 0.360800]
Mon 21 Jul 2025 12:35:26 INFO  valid result: 
recall@10 : 0.2059    mrr@10 : 0.3608    ndcg@10 : 0.2183    hit@10 : 0.7349    precision@10 : 0.154
Mon 21 Jul 2025 12:35:27 INFO  epoch 37 training [time: 0.14s, train loss: 6.5374]
Mon 21 Jul 2025 12:35:27 INFO  epoch 37 evaluating [time: 0.30s, valid_score: 0.367300]
Mon 21 Jul 2025 12:35:27 INFO  valid result: 
recall@10 : 0.2047    mrr@10 : 0.3673    ndcg@10 : 0.2202    hit@10 : 0.7328    precision@10 : 0.1545
Mon 21 Jul 2025 12:35:27 INFO  epoch 38 training [time: 0.15s, train loss: 6.4516]
Mon 21 Jul 2025 12:35:27 INFO  epoch 38 evaluating [time: 0.30s, valid_score: 0.368700]
Mon 21 Jul 2025 12:35:27 INFO  valid result: 
recall@10 : 0.2055    mrr@10 : 0.3687    ndcg@10 : 0.2223    hit@10 : 0.7317    precision@10 : 0.1568
Mon 21 Jul 2025 12:35:27 INFO  Saving current: saved\BPR-Jul-21-2025_12-35-11.pth
Mon 21 Jul 2025 12:35:28 INFO  epoch 39 training [time: 0.15s, train loss: 6.3486]
Mon 21 Jul 2025 12:35:28 INFO  epoch 39 evaluating [time: 0.29s, valid_score: 0.371000]
Mon 21 Jul 2025 12:35:28 INFO  valid result: 
recall@10 : 0.2066    mrr@10 : 0.371    ndcg@10 : 0.2235    hit@10 : 0.7328    precision@10 : 0.1561
Mon 21 Jul 2025 12:35:28 INFO  Saving current: saved\BPR-Jul-21-2025_12-35-11.pth
Mon 21 Jul 2025 12:35:28 INFO  epoch 40 training [time: 0.16s, train loss: 6.2993]
Mon 21 Jul 2025 12:35:28 INFO  epoch 40 evaluating [time: 0.31s, valid_score: 0.373800]
Mon 21 Jul 2025 12:35:28 INFO  valid result: 
recall@10 : 0.2089    mrr@10 : 0.3738    ndcg@10 : 0.2249    hit@10 : 0.7402    precision@10 : 0.1567
Mon 21 Jul 2025 12:35:28 INFO  Saving current: saved\BPR-Jul-21-2025_12-35-11.pth
Mon 21 Jul 2025 12:35:28 INFO  epoch 41 training [time: 0.16s, train loss: 6.1350]
Mon 21 Jul 2025 12:35:29 INFO  epoch 41 evaluating [time: 0.29s, valid_score: 0.376700]
Mon 21 Jul 2025 12:35:29 INFO  valid result: 
recall@10 : 0.2055    mrr@10 : 0.3767    ndcg@10 : 0.2243    hit@10 : 0.7359    precision@10 : 0.156
Mon 21 Jul 2025 12:35:29 INFO  Saving current: saved\BPR-Jul-21-2025_12-35-11.pth
Mon 21 Jul 2025 12:35:29 INFO  epoch 42 training [time: 0.15s, train loss: 6.1029]
Mon 21 Jul 2025 12:35:29 INFO  epoch 42 evaluating [time: 0.30s, valid_score: 0.371100]
Mon 21 Jul 2025 12:35:29 INFO  valid result: 
recall@10 : 0.2089    mrr@10 : 0.3711    ndcg@10 : 0.2244    hit@10 : 0.7423    precision@10 : 0.1571
Mon 21 Jul 2025 12:35:29 INFO  epoch 43 training [time: 0.15s, train loss: 6.0893]
Mon 21 Jul 2025 12:35:30 INFO  epoch 43 evaluating [time: 0.30s, valid_score: 0.371900]
Mon 21 Jul 2025 12:35:30 INFO  valid result: 
recall@10 : 0.2076    mrr@10 : 0.3719    ndcg@10 : 0.2238    hit@10 : 0.7455    precision@10 : 0.1564
Mon 21 Jul 2025 12:35:30 INFO  epoch 44 training [time: 0.15s, train loss: 5.8871]
Mon 21 Jul 2025 12:35:30 INFO  epoch 44 evaluating [time: 0.31s, valid_score: 0.373900]
Mon 21 Jul 2025 12:35:30 INFO  valid result: 
recall@10 : 0.2067    mrr@10 : 0.3739    ndcg@10 : 0.2235    hit@10 : 0.7402    precision@10 : 0.156
Mon 21 Jul 2025 12:35:30 INFO  epoch 45 training [time: 0.16s, train loss: 5.8360]
Mon 21 Jul 2025 12:35:31 INFO  epoch 45 evaluating [time: 0.30s, valid_score: 0.373600]
Mon 21 Jul 2025 12:35:31 INFO  valid result: 
recall@10 : 0.2096    mrr@10 : 0.3736    ndcg@10 : 0.2251    hit@10 : 0.7487    precision@10 : 0.1569
Mon 21 Jul 2025 12:35:31 INFO  epoch 46 training [time: 0.16s, train loss: 5.7747]
Mon 21 Jul 2025 12:35:31 INFO  epoch 46 evaluating [time: 0.30s, valid_score: 0.374100]
Mon 21 Jul 2025 12:35:31 INFO  valid result: 
recall@10 : 0.2113    mrr@10 : 0.3741    ndcg@10 : 0.2263    hit@10 : 0.7529    precision@10 : 0.158
Mon 21 Jul 2025 12:35:31 INFO  epoch 47 training [time: 0.15s, train loss: 5.6270]
Mon 21 Jul 2025 12:35:32 INFO  epoch 47 evaluating [time: 0.31s, valid_score: 0.376300]
Mon 21 Jul 2025 12:35:32 INFO  valid result: 
recall@10 : 0.215    mrr@10 : 0.3763    ndcg@10 : 0.2292    hit@10 : 0.755    precision@10 : 0.1601
Mon 21 Jul 2025 12:35:32 INFO  epoch 48 training [time: 0.17s, train loss: 5.4439]
Mon 21 Jul 2025 12:35:32 INFO  epoch 48 evaluating [time: 0.31s, valid_score: 0.377500]
Mon 21 Jul 2025 12:35:32 INFO  valid result: 
recall@10 : 0.2187    mrr@10 : 0.3775    ndcg@10 : 0.231    hit@10 : 0.7614    precision@10 : 0.1613
Mon 21 Jul 2025 12:35:32 INFO  Saving current: saved\BPR-Jul-21-2025_12-35-11.pth
Mon 21 Jul 2025 12:35:32 INFO  epoch 49 training [time: 0.15s, train loss: 5.5195]
Mon 21 Jul 2025 12:35:32 INFO  epoch 49 evaluating [time: 0.30s, valid_score: 0.381100]
Mon 21 Jul 2025 12:35:32 INFO  valid result: 
recall@10 : 0.2209    mrr@10 : 0.3811    ndcg@10 : 0.2329    hit@10 : 0.7667    precision@10 : 0.1628
Mon 21 Jul 2025 12:35:32 INFO  Saving current: saved\BPR-Jul-21-2025_12-35-11.pth
Mon 21 Jul 2025 12:35:33 INFO  epoch 50 training [time: 0.15s, train loss: 5.4583]
Mon 21 Jul 2025 12:35:33 INFO  epoch 50 evaluating [time: 0.31s, valid_score: 0.378000]
Mon 21 Jul 2025 12:35:33 INFO  valid result: 
recall@10 : 0.2179    mrr@10 : 0.378    ndcg@10 : 0.2314    hit@10 : 0.7614    precision@10 : 0.1615
Mon 21 Jul 2025 12:35:33 INFO  epoch 51 training [time: 0.15s, train loss: 5.3556]
Mon 21 Jul 2025 12:35:33 INFO  epoch 51 evaluating [time: 0.32s, valid_score: 0.375900]
Mon 21 Jul 2025 12:35:33 INFO  valid result: 
recall@10 : 0.2153    mrr@10 : 0.3759    ndcg@10 : 0.2304    hit@10 : 0.755    precision@10 : 0.1608
Mon 21 Jul 2025 12:35:34 INFO  epoch 52 training [time: 0.16s, train loss: 5.1845]
Mon 21 Jul 2025 12:35:34 INFO  epoch 52 evaluating [time: 0.30s, valid_score: 0.377400]
Mon 21 Jul 2025 12:35:34 INFO  valid result: 
recall@10 : 0.2143    mrr@10 : 0.3774    ndcg@10 : 0.2308    hit@10 : 0.7529    precision@10 : 0.1603
Mon 21 Jul 2025 12:35:34 INFO  epoch 53 training [time: 0.16s, train loss: 5.1409]
Mon 21 Jul 2025 12:35:34 INFO  epoch 53 evaluating [time: 0.30s, valid_score: 0.383100]
Mon 21 Jul 2025 12:35:34 INFO  valid result: 
recall@10 : 0.2162    mrr@10 : 0.3831    ndcg@10 : 0.2329    hit@10 : 0.7519    precision@10 : 0.1616
Mon 21 Jul 2025 12:35:34 INFO  Saving current: saved\BPR-Jul-21-2025_12-35-11.pth
Mon 21 Jul 2025 12:35:35 INFO  epoch 54 training [time: 0.16s, train loss: 5.1167]
Mon 21 Jul 2025 12:35:35 INFO  epoch 54 evaluating [time: 0.31s, valid_score: 0.380100]
Mon 21 Jul 2025 12:35:35 INFO  valid result: 
recall@10 : 0.2148    mrr@10 : 0.3801    ndcg@10 : 0.2319    hit@10 : 0.755    precision@10 : 0.1619
Mon 21 Jul 2025 12:35:35 INFO  epoch 55 training [time: 0.15s, train loss: 5.0203]
Mon 21 Jul 2025 12:35:35 INFO  epoch 55 evaluating [time: 0.31s, valid_score: 0.379000]
Mon 21 Jul 2025 12:35:35 INFO  valid result: 
recall@10 : 0.2143    mrr@10 : 0.379    ndcg@10 : 0.2319    hit@10 : 0.7455    precision@10 : 0.1612
Mon 21 Jul 2025 12:35:35 INFO  epoch 56 training [time: 0.16s, train loss: 4.9590]
Mon 21 Jul 2025 12:35:36 INFO  epoch 56 evaluating [time: 0.33s, valid_score: 0.379800]
Mon 21 Jul 2025 12:35:36 INFO  valid result: 
recall@10 : 0.2149    mrr@10 : 0.3798    ndcg@10 : 0.2321    hit@10 : 0.7444    precision@10 : 0.1608
Mon 21 Jul 2025 12:35:36 INFO  epoch 57 training [time: 0.16s, train loss: 4.9237]
Mon 21 Jul 2025 12:35:36 INFO  epoch 57 evaluating [time: 0.33s, valid_score: 0.380300]
Mon 21 Jul 2025 12:35:36 INFO  valid result: 
recall@10 : 0.214    mrr@10 : 0.3803    ndcg@10 : 0.2312    hit@10 : 0.7444    precision@10 : 0.1592
Mon 21 Jul 2025 12:35:36 INFO  epoch 58 training [time: 0.16s, train loss: 4.8555]
Mon 21 Jul 2025 12:35:37 INFO  epoch 58 evaluating [time: 0.33s, valid_score: 0.379000]
Mon 21 Jul 2025 12:35:37 INFO  valid result: 
recall@10 : 0.2146    mrr@10 : 0.379    ndcg@10 : 0.2309    hit@10 : 0.7508    precision@10 : 0.1592
Mon 21 Jul 2025 12:35:37 INFO  epoch 59 training [time: 0.17s, train loss: 4.7819]
Mon 21 Jul 2025 12:35:37 INFO  epoch 59 evaluating [time: 0.32s, valid_score: 0.380600]
Mon 21 Jul 2025 12:35:37 INFO  valid result: 
recall@10 : 0.2162    mrr@10 : 0.3806    ndcg@10 : 0.231    hit@10 : 0.7508    precision@10 : 0.1596
Mon 21 Jul 2025 12:35:37 INFO  epoch 60 training [time: 0.16s, train loss: 4.7708]
Mon 21 Jul 2025 12:35:38 INFO  epoch 60 evaluating [time: 0.32s, valid_score: 0.384000]
Mon 21 Jul 2025 12:35:38 INFO  valid result: 
recall@10 : 0.2182    mrr@10 : 0.384    ndcg@10 : 0.2325    hit@10 : 0.7593    precision@10 : 0.1602
Mon 21 Jul 2025 12:35:38 INFO  Saving current: saved\BPR-Jul-21-2025_12-35-11.pth
Mon 21 Jul 2025 12:35:38 INFO  epoch 61 training [time: 0.17s, train loss: 4.6792]
Mon 21 Jul 2025 12:35:38 INFO  epoch 61 evaluating [time: 0.34s, valid_score: 0.384100]
Mon 21 Jul 2025 12:35:38 INFO  valid result: 
recall@10 : 0.2186    mrr@10 : 0.3841    ndcg@10 : 0.2342    hit@10 : 0.7582    precision@10 : 0.1603
Mon 21 Jul 2025 12:35:38 INFO  Saving current: saved\BPR-Jul-21-2025_12-35-11.pth
Mon 21 Jul 2025 12:35:38 INFO  epoch 62 training [time: 0.17s, train loss: 4.6305]
Mon 21 Jul 2025 12:35:39 INFO  epoch 62 evaluating [time: 0.34s, valid_score: 0.388500]
Mon 21 Jul 2025 12:35:39 INFO  valid result: 
recall@10 : 0.2192    mrr@10 : 0.3885    ndcg@10 : 0.2345    hit@10 : 0.7614    precision@10 : 0.1604
Mon 21 Jul 2025 12:35:39 INFO  Saving current: saved\BPR-Jul-21-2025_12-35-11.pth
Mon 21 Jul 2025 12:35:39 INFO  epoch 63 training [time: 0.17s, train loss: 4.5520]
Mon 21 Jul 2025 12:35:39 INFO  epoch 63 evaluating [time: 0.34s, valid_score: 0.392500]
Mon 21 Jul 2025 12:35:39 INFO  valid result: 
recall@10 : 0.2183    mrr@10 : 0.3925    ndcg@10 : 0.236    hit@10 : 0.7497    precision@10 : 0.1606
Mon 21 Jul 2025 12:35:39 INFO  Saving current: saved\BPR-Jul-21-2025_12-35-11.pth
Mon 21 Jul 2025 12:35:40 INFO  epoch 64 training [time: 0.17s, train loss: 4.4430]
Mon 21 Jul 2025 12:35:40 INFO  epoch 64 evaluating [time: 0.35s, valid_score: 0.392500]
Mon 21 Jul 2025 12:35:40 INFO  valid result: 
recall@10 : 0.2168    mrr@10 : 0.3925    ndcg@10 : 0.236    hit@10 : 0.7529    precision@10 : 0.1603
Mon 21 Jul 2025 12:35:40 INFO  Saving current: saved\BPR-Jul-21-2025_12-35-11.pth
Mon 21 Jul 2025 12:35:40 INFO  epoch 65 training [time: 0.18s, train loss: 4.4347]
Mon 21 Jul 2025 12:35:40 INFO  epoch 65 evaluating [time: 0.35s, valid_score: 0.391000]
Mon 21 Jul 2025 12:35:40 INFO  valid result: 
recall@10 : 0.2153    mrr@10 : 0.391    ndcg@10 : 0.2352    hit@10 : 0.7529    precision@10 : 0.1614
Mon 21 Jul 2025 12:35:41 INFO  epoch 66 training [time: 0.17s, train loss: 4.4044]
Mon 21 Jul 2025 12:35:41 INFO  epoch 66 evaluating [time: 0.37s, valid_score: 0.390200]
Mon 21 Jul 2025 12:35:41 INFO  valid result: 
recall@10 : 0.2192    mrr@10 : 0.3902    ndcg@10 : 0.237    hit@10 : 0.7603    precision@10 : 0.1632
Mon 21 Jul 2025 12:35:41 INFO  epoch 67 training [time: 0.17s, train loss: 4.4050]
Mon 21 Jul 2025 12:35:41 INFO  epoch 67 evaluating [time: 0.33s, valid_score: 0.392600]
Mon 21 Jul 2025 12:35:41 INFO  valid result: 
recall@10 : 0.2223    mrr@10 : 0.3926    ndcg@10 : 0.2385    hit@10 : 0.7646    precision@10 : 0.1638
Mon 21 Jul 2025 12:35:41 INFO  Saving current: saved\BPR-Jul-21-2025_12-35-11.pth
Mon 21 Jul 2025 12:35:42 INFO  epoch 68 training [time: 0.17s, train loss: 4.2145]
Mon 21 Jul 2025 12:35:42 INFO  epoch 68 evaluating [time: 0.33s, valid_score: 0.385900]
Mon 21 Jul 2025 12:35:42 INFO  valid result: 
recall@10 : 0.2192    mrr@10 : 0.3859    ndcg@10 : 0.2354    hit@10 : 0.7593    precision@10 : 0.1621
Mon 21 Jul 2025 12:35:42 INFO  epoch 69 training [time: 0.18s, train loss: 4.2838]
Mon 21 Jul 2025 12:35:42 INFO  epoch 69 evaluating [time: 0.33s, valid_score: 0.388500]
Mon 21 Jul 2025 12:35:42 INFO  valid result: 
recall@10 : 0.216    mrr@10 : 0.3885    ndcg@10 : 0.2344    hit@10 : 0.7487    precision@10 : 0.1611
Mon 21 Jul 2025 12:35:43 INFO  epoch 70 training [time: 0.18s, train loss: 4.1832]
Mon 21 Jul 2025 12:35:43 INFO  epoch 70 evaluating [time: 0.36s, valid_score: 0.387700]
Mon 21 Jul 2025 12:35:43 INFO  valid result: 
recall@10 : 0.2177    mrr@10 : 0.3877    ndcg@10 : 0.2334    hit@10 : 0.7582    precision@10 : 0.161
Mon 21 Jul 2025 12:35:43 INFO  epoch 71 training [time: 0.18s, train loss: 4.0961]
Mon 21 Jul 2025 12:35:44 INFO  epoch 71 evaluating [time: 0.33s, valid_score: 0.389300]
Mon 21 Jul 2025 12:35:44 INFO  valid result: 
recall@10 : 0.219    mrr@10 : 0.3893    ndcg@10 : 0.2339    hit@10 : 0.7603    precision@10 : 0.16
Mon 21 Jul 2025 12:35:44 INFO  epoch 72 training [time: 0.18s, train loss: 4.0543]
Mon 21 Jul 2025 12:35:44 INFO  epoch 72 evaluating [time: 0.35s, valid_score: 0.386700]
Mon 21 Jul 2025 12:35:44 INFO  valid result: 
recall@10 : 0.2184    mrr@10 : 0.3867    ndcg@10 : 0.2339    hit@10 : 0.7593    precision@10 : 0.1609
Mon 21 Jul 2025 12:35:44 INFO  epoch 73 training [time: 0.17s, train loss: 4.0292]
Mon 21 Jul 2025 12:35:45 INFO  epoch 73 evaluating [time: 0.32s, valid_score: 0.387500]
Mon 21 Jul 2025 12:35:45 INFO  valid result: 
recall@10 : 0.2194    mrr@10 : 0.3875    ndcg@10 : 0.2348    hit@10 : 0.754    precision@10 : 0.1612
Mon 21 Jul 2025 12:35:45 INFO  epoch 74 training [time: 0.17s, train loss: 3.9721]
Mon 21 Jul 2025 12:35:45 INFO  epoch 74 evaluating [time: 0.32s, valid_score: 0.392700]
Mon 21 Jul 2025 12:35:45 INFO  valid result: 
recall@10 : 0.2181    mrr@10 : 0.3927    ndcg@10 : 0.2354    hit@10 : 0.7519    precision@10 : 0.1608
Mon 21 Jul 2025 12:35:45 INFO  Saving current: saved\BPR-Jul-21-2025_12-35-11.pth
Mon 21 Jul 2025 12:35:45 INFO  epoch 75 training [time: 0.18s, train loss: 3.9138]
Mon 21 Jul 2025 12:35:46 INFO  epoch 75 evaluating [time: 0.32s, valid_score: 0.392800]
Mon 21 Jul 2025 12:35:46 INFO  valid result: 
recall@10 : 0.2204    mrr@10 : 0.3928    ndcg@10 : 0.2353    hit@10 : 0.7572    precision@10 : 0.1604
Mon 21 Jul 2025 12:35:46 INFO  Saving current: saved\BPR-Jul-21-2025_12-35-11.pth
Mon 21 Jul 2025 12:35:46 INFO  epoch 76 training [time: 0.17s, train loss: 3.7887]
Mon 21 Jul 2025 12:35:46 INFO  epoch 76 evaluating [time: 0.32s, valid_score: 0.389200]
Mon 21 Jul 2025 12:35:46 INFO  valid result: 
recall@10 : 0.2223    mrr@10 : 0.3892    ndcg@10 : 0.2356    hit@10 : 0.7625    precision@10 : 0.1618
Mon 21 Jul 2025 12:35:46 INFO  epoch 77 training [time: 0.16s, train loss: 3.8446]
Mon 21 Jul 2025 12:35:47 INFO  epoch 77 evaluating [time: 0.35s, valid_score: 0.391100]
Mon 21 Jul 2025 12:35:47 INFO  valid result: 
recall@10 : 0.2237    mrr@10 : 0.3911    ndcg@10 : 0.2363    hit@10 : 0.7625    precision@10 : 0.1622
Mon 21 Jul 2025 12:35:47 INFO  epoch 78 training [time: 0.17s, train loss: 3.7675]
Mon 21 Jul 2025 12:35:47 INFO  epoch 78 evaluating [time: 0.32s, valid_score: 0.392800]
Mon 21 Jul 2025 12:35:47 INFO  valid result: 
recall@10 : 0.2235    mrr@10 : 0.3928    ndcg@10 : 0.2367    hit@10 : 0.7656    precision@10 : 0.1627
Mon 21 Jul 2025 12:35:47 INFO  Saving current: saved\BPR-Jul-21-2025_12-35-11.pth
Mon 21 Jul 2025 12:35:47 INFO  epoch 79 training [time: 0.17s, train loss: 3.7331]
Mon 21 Jul 2025 12:35:48 INFO  epoch 79 evaluating [time: 0.36s, valid_score: 0.391400]
Mon 21 Jul 2025 12:35:48 INFO  valid result: 
recall@10 : 0.221    mrr@10 : 0.3914    ndcg@10 : 0.2349    hit@10 : 0.7603    precision@10 : 0.1601
Mon 21 Jul 2025 12:35:48 INFO  epoch 80 training [time: 0.17s, train loss: 3.6267]
Mon 21 Jul 2025 12:35:48 INFO  epoch 80 evaluating [time: 0.34s, valid_score: 0.389000]
Mon 21 Jul 2025 12:35:48 INFO  valid result: 
recall@10 : 0.2205    mrr@10 : 0.389    ndcg@10 : 0.2347    hit@10 : 0.7593    precision@10 : 0.16
Mon 21 Jul 2025 12:35:48 INFO  epoch 81 training [time: 0.18s, train loss: 3.6350]
Mon 21 Jul 2025 12:35:49 INFO  epoch 81 evaluating [time: 0.36s, valid_score: 0.390200]
Mon 21 Jul 2025 12:35:49 INFO  valid result: 
recall@10 : 0.2247    mrr@10 : 0.3902    ndcg@10 : 0.2368    hit@10 : 0.7667    precision@10 : 0.1621
Mon 21 Jul 2025 12:35:49 INFO  epoch 82 training [time: 0.17s, train loss: 3.5624]
Mon 21 Jul 2025 12:35:49 INFO  epoch 82 evaluating [time: 0.38s, valid_score: 0.389700]
Mon 21 Jul 2025 12:35:49 INFO  valid result: 
recall@10 : 0.2271    mrr@10 : 0.3897    ndcg@10 : 0.2387    hit@10 : 0.7752    precision@10 : 0.1644
Mon 21 Jul 2025 12:35:49 INFO  epoch 83 training [time: 0.17s, train loss: 3.4774]
Mon 21 Jul 2025 12:35:50 INFO  epoch 83 evaluating [time: 0.36s, valid_score: 0.389200]
Mon 21 Jul 2025 12:35:50 INFO  valid result: 
recall@10 : 0.2238    mrr@10 : 0.3892    ndcg@10 : 0.2371    hit@10 : 0.772    precision@10 : 0.1631
Mon 21 Jul 2025 12:35:50 INFO  epoch 84 training [time: 0.17s, train loss: 3.4880]
Mon 21 Jul 2025 12:35:50 INFO  epoch 84 evaluating [time: 0.32s, valid_score: 0.390700]
Mon 21 Jul 2025 12:35:50 INFO  valid result: 
recall@10 : 0.2231    mrr@10 : 0.3907    ndcg@10 : 0.2367    hit@10 : 0.7667    precision@10 : 0.1622
Mon 21 Jul 2025 12:35:50 INFO  epoch 85 training [time: 0.17s, train loss: 3.4948]
Mon 21 Jul 2025 12:35:51 INFO  epoch 85 evaluating [time: 0.35s, valid_score: 0.387200]
Mon 21 Jul 2025 12:35:51 INFO  valid result: 
recall@10 : 0.2219    mrr@10 : 0.3872    ndcg@10 : 0.2346    hit@10 : 0.7667    precision@10 : 0.1604
Mon 21 Jul 2025 12:35:51 INFO  epoch 86 training [time: 0.17s, train loss: 3.4193]
Mon 21 Jul 2025 12:35:51 INFO  epoch 86 evaluating [time: 0.36s, valid_score: 0.389700]
Mon 21 Jul 2025 12:35:51 INFO  valid result: 
recall@10 : 0.2207    mrr@10 : 0.3897    ndcg@10 : 0.2337    hit@10 : 0.7625    precision@10 : 0.1597
Mon 21 Jul 2025 12:35:52 INFO  epoch 87 training [time: 0.17s, train loss: 3.3888]
Mon 21 Jul 2025 12:35:52 INFO  epoch 87 evaluating [time: 0.35s, valid_score: 0.394000]
Mon 21 Jul 2025 12:35:52 INFO  valid result: 
recall@10 : 0.222    mrr@10 : 0.394    ndcg@10 : 0.2353    hit@10 : 0.7635    precision@10 : 0.1594
Mon 21 Jul 2025 12:35:52 INFO  Saving current: saved\BPR-Jul-21-2025_12-35-11.pth
Mon 21 Jul 2025 12:35:52 INFO  epoch 88 training [time: 0.18s, train loss: 3.3289]
Mon 21 Jul 2025 12:35:52 INFO  epoch 88 evaluating [time: 0.35s, valid_score: 0.383300]
Mon 21 Jul 2025 12:35:52 INFO  valid result: 
recall@10 : 0.2219    mrr@10 : 0.3833    ndcg@10 : 0.2324    hit@10 : 0.7614    precision@10 : 0.1601
Mon 21 Jul 2025 12:35:53 INFO  epoch 89 training [time: 0.17s, train loss: 3.2138]
Mon 21 Jul 2025 12:35:53 INFO  epoch 89 evaluating [time: 0.33s, valid_score: 0.387600]
Mon 21 Jul 2025 12:35:53 INFO  valid result: 
recall@10 : 0.2226    mrr@10 : 0.3876    ndcg@10 : 0.2339    hit@10 : 0.7678    precision@10 : 0.1607
Mon 21 Jul 2025 12:35:53 INFO  epoch 90 training [time: 0.17s, train loss: 3.2511]
Mon 21 Jul 2025 12:35:53 INFO  epoch 90 evaluating [time: 0.36s, valid_score: 0.386800]
Mon 21 Jul 2025 12:35:53 INFO  valid result: 
recall@10 : 0.2209    mrr@10 : 0.3868    ndcg@10 : 0.2334    hit@10 : 0.7667    precision@10 : 0.1599
Mon 21 Jul 2025 12:35:54 INFO  epoch 91 training [time: 0.17s, train loss: 3.2440]
Mon 21 Jul 2025 12:35:54 INFO  epoch 91 evaluating [time: 0.33s, valid_score: 0.381400]
Mon 21 Jul 2025 12:35:54 INFO  valid result: 
recall@10 : 0.2211    mrr@10 : 0.3814    ndcg@10 : 0.2318    hit@10 : 0.7625    precision@10 : 0.1601
Mon 21 Jul 2025 12:35:54 INFO  epoch 92 training [time: 0.17s, train loss: 3.2120]
Mon 21 Jul 2025 12:35:55 INFO  epoch 92 evaluating [time: 0.33s, valid_score: 0.382700]
Mon 21 Jul 2025 12:35:55 INFO  valid result: 
recall@10 : 0.2218    mrr@10 : 0.3827    ndcg@10 : 0.2319    hit@10 : 0.7688    precision@10 : 0.16
Mon 21 Jul 2025 12:35:55 INFO  epoch 93 training [time: 0.17s, train loss: 3.2191]
Mon 21 Jul 2025 12:35:55 INFO  epoch 93 evaluating [time: 0.32s, valid_score: 0.382400]
Mon 21 Jul 2025 12:35:55 INFO  valid result: 
recall@10 : 0.2191    mrr@10 : 0.3824    ndcg@10 : 0.2313    hit@10 : 0.7635    precision@10 : 0.1598
Mon 21 Jul 2025 12:35:55 INFO  epoch 94 training [time: 0.18s, train loss: 3.1892]
Mon 21 Jul 2025 12:35:56 INFO  epoch 94 evaluating [time: 0.33s, valid_score: 0.378600]
Mon 21 Jul 2025 12:35:56 INFO  valid result: 
recall@10 : 0.2156    mrr@10 : 0.3786    ndcg@10 : 0.2282    hit@10 : 0.7572    precision@10 : 0.1579
Mon 21 Jul 2025 12:35:56 INFO  epoch 95 training [time: 0.17s, train loss: 3.0957]
Mon 21 Jul 2025 12:35:56 INFO  epoch 95 evaluating [time: 0.31s, valid_score: 0.380600]
Mon 21 Jul 2025 12:35:56 INFO  valid result: 
recall@10 : 0.2166    mrr@10 : 0.3806    ndcg@10 : 0.2286    hit@10 : 0.7572    precision@10 : 0.1575
Mon 21 Jul 2025 12:35:56 INFO  epoch 96 training [time: 0.17s, train loss: 3.0948]
Mon 21 Jul 2025 12:35:57 INFO  epoch 96 evaluating [time: 0.31s, valid_score: 0.379500]
Mon 21 Jul 2025 12:35:57 INFO  valid result: 
recall@10 : 0.2165    mrr@10 : 0.3795    ndcg@10 : 0.2279    hit@10 : 0.7614    precision@10 : 0.1567
Mon 21 Jul 2025 12:35:57 INFO  epoch 97 training [time: 0.17s, train loss: 2.9830]
Mon 21 Jul 2025 12:35:57 INFO  epoch 97 evaluating [time: 0.33s, valid_score: 0.377400]
Mon 21 Jul 2025 12:35:57 INFO  valid result: 
recall@10 : 0.215    mrr@10 : 0.3774    ndcg@10 : 0.2271    hit@10 : 0.7603    precision@10 : 0.156
Mon 21 Jul 2025 12:35:57 INFO  epoch 98 training [time: 0.17s, train loss: 2.9836]
Mon 21 Jul 2025 12:35:58 INFO  epoch 98 evaluating [time: 0.34s, valid_score: 0.379100]
Mon 21 Jul 2025 12:35:58 INFO  valid result: 
recall@10 : 0.2183    mrr@10 : 0.3791    ndcg@10 : 0.2289    hit@10 : 0.7635    precision@10 : 0.1582
Mon 21 Jul 2025 12:35:58 INFO  Finished training, best eval result in epoch 87
Mon 21 Jul 2025 12:35:58 INFO  Loading model structure and parameters from saved\BPR-Jul-21-2025_12-35-11.pth
