Mon 21 Jul 2025 12:27:26 INFO  ['c:\\Users\\Sharjeel Mustafa\\miniconda3\\envs\\recbole\\lib\\site-packages\\ipykernel_launcher.py', '--f="c:\\Users\\Sharjeel Mustafa\\AppData\\Roaming\\jupyter\\runtime\\kernel-v314f415425421a119322579dfceec364e619850b8.json"']
Mon 21 Jul 2025 12:27:26 INFO  
General Hyper Parameters:
gpu_id = 0
use_gpu = True
seed = 2020
state = INFO
reproducibility = True
data_path = C:\Users\Sharjeel Mustafa\miniconda3\envs\recbole\Lib\site-packages\recbole\config\../dataset_example/ml-100k
checkpoint_dir = saved
show_progress = True
save_dataset = False
dataset_save_path = None
save_dataloaders = False
dataloaders_save_path = None
log_wandb = False

Training Hyper Parameters:
epochs = 300
train_batch_size = 2048
learner = adam
learning_rate = 0.001
train_neg_sample_args = {'distribution': 'uniform', 'sample_num': 1, 'alpha': 1.0, 'dynamic': False, 'candidate_num': 0}
eval_step = 1
stopping_step = 10
clip_grad_norm = None
weight_decay = 0.0
loss_decimal_place = 4

Evaluation Hyper Parameters:
eval_args = {'split': {'RS': [0.8, 0.1, 0.1]}, 'order': 'RO', 'group_by': 'user', 'mode': {'valid': 'full', 'test': 'full'}}
repeatable = False
metrics = ['Recall', 'MRR', 'NDCG', 'Hit', 'Precision']
topk = [10]
valid_metric = MRR@10
valid_metric_bigger = True
eval_batch_size = 4096
metric_decimal_place = 4

Dataset Hyper Parameters:
field_separator = 	
seq_separator =  
USER_ID_FIELD = user_id
ITEM_ID_FIELD = item_id
RATING_FIELD = rating
TIME_FIELD = timestamp
seq_len = None
LABEL_FIELD = label
threshold = None
NEG_PREFIX = neg_
load_col = {'inter': ['user_id', 'item_id', 'rating', 'timestamp']}
unload_col = None
unused_col = None
additional_feat_suffix = None
rm_dup_inter = None
val_interval = None
filter_inter_by_user_or_item = True
user_inter_num_interval = None
item_inter_num_interval = None
alias_of_user_id = None
alias_of_item_id = None
alias_of_entity_id = None
alias_of_relation_id = None
preload_weight = None
normalize_field = None
normalize_all = True
ITEM_LIST_LENGTH_FIELD = item_length
LIST_SUFFIX = _list
MAX_ITEM_LIST_LENGTH = 50
POSITION_FIELD = position_id
HEAD_ENTITY_ID_FIELD = head_id
TAIL_ENTITY_ID_FIELD = tail_id
RELATION_ID_FIELD = relation_id
ENTITY_ID_FIELD = entity_id
kg_reverse_r = False
entity_kg_num_interval = None
relation_kg_num_interval = None
benchmark_filename = None

Other Hyper Parameters: 
worker = 0
wandb_project = recbole
shuffle = True
require_pow = False
enable_amp = False
enable_scaler = False
transform = None
embedding_size = 64
numerical_features = []
discretization = None
MODEL_TYPE = ModelType.GENERAL
MODEL_INPUT_TYPE = InputType.PAIRWISE
eval_type = EvaluatorType.RANKING
single_spec = True
local_rank = 0
device = cuda
valid_neg_sample_args = {'distribution': 'uniform', 'sample_num': 'none'}
test_neg_sample_args = {'distribution': 'uniform', 'sample_num': 'none'}


Mon 21 Jul 2025 12:27:27 INFO  ml-100k
The number of users: 944
Average actions of users: 106.04453870625663
The number of items: 1683
Average actions of items: 59.45303210463734
The number of inters: 100000
The sparsity of the dataset: 93.70575143257098%
Remain Fields: ['user_id', 'item_id', 'rating', 'timestamp']
Mon 21 Jul 2025 12:27:27 INFO  [Training]: train_batch_size = [2048] train_neg_sample_args: [{'distribution': 'uniform', 'sample_num': 1, 'alpha': 1.0, 'dynamic': False, 'candidate_num': 0}]
Mon 21 Jul 2025 12:27:27 INFO  [Evaluation]: eval_batch_size = [4096] eval_args: [{'split': {'RS': [0.8, 0.1, 0.1]}, 'order': 'RO', 'group_by': 'user', 'mode': {'valid': 'full', 'test': 'full'}}]
Mon 21 Jul 2025 12:27:27 INFO  BPR(
  (user_embedding): Embedding(944, 64)
  (item_embedding): Embedding(1683, 64)
  (loss): BPRLoss()
)
Trainable parameters: 168128
Mon 21 Jul 2025 12:27:27 INFO  FLOPs: 128.0
Mon 21 Jul 2025 12:27:29 INFO  epoch 0 training [time: 0.36s, train loss: 27.7240]
Mon 21 Jul 2025 12:27:31 INFO  epoch 0 evaluating [time: 2.05s, valid_score: 0.025700]
Mon 21 Jul 2025 12:27:31 INFO  valid result: 
recall@10 : 0.0085    mrr@10 : 0.0257    ndcg@10 : 0.0108    hit@10 : 0.0838    precision@10 : 0.0091
Mon 21 Jul 2025 12:27:31 INFO  Saving current: saved\BPR-Jul-21-2025_12-27-27.pth
Mon 21 Jul 2025 12:27:31 INFO  epoch 1 training [time: 0.33s, train loss: 27.6345]
Mon 21 Jul 2025 12:27:33 INFO  epoch 1 evaluating [time: 1.83s, valid_score: 0.055600]
Mon 21 Jul 2025 12:27:33 INFO  valid result: 
recall@10 : 0.0164    mrr@10 : 0.0556    ndcg@10 : 0.0217    hit@10 : 0.1485    precision@10 : 0.0178
Mon 21 Jul 2025 12:27:33 INFO  Saving current: saved\BPR-Jul-21-2025_12-27-27.pth
Mon 21 Jul 2025 12:27:33 INFO  epoch 2 training [time: 0.35s, train loss: 27.3318]
Mon 21 Jul 2025 12:27:35 INFO  epoch 2 evaluating [time: 2.04s, valid_score: 0.160300]
Mon 21 Jul 2025 12:27:35 INFO  valid result: 
recall@10 : 0.0523    mrr@10 : 0.1603    ndcg@10 : 0.0738    hit@10 : 0.3627    precision@10 : 0.0606
Mon 21 Jul 2025 12:27:35 INFO  Saving current: saved\BPR-Jul-21-2025_12-27-27.pth
Mon 21 Jul 2025 12:27:36 INFO  epoch 3 training [time: 0.31s, train loss: 26.0469]
Mon 21 Jul 2025 12:27:37 INFO  epoch 3 evaluating [time: 1.91s, valid_score: 0.228500]
Mon 21 Jul 2025 12:27:37 INFO  valid result: 
recall@10 : 0.0904    mrr@10 : 0.2285    ndcg@10 : 0.1155    hit@10 : 0.4963    precision@10 : 0.0908
Mon 21 Jul 2025 12:27:37 INFO  Saving current: saved\BPR-Jul-21-2025_12-27-27.pth
Mon 21 Jul 2025 12:27:38 INFO  epoch 4 training [time: 0.28s, train loss: 22.7424]
Mon 21 Jul 2025 12:27:40 INFO  epoch 4 evaluating [time: 2.04s, valid_score: 0.252500]
Mon 21 Jul 2025 12:27:40 INFO  valid result: 
recall@10 : 0.1017    mrr@10 : 0.2525    ndcg@10 : 0.129    hit@10 : 0.527    precision@10 : 0.0978
Mon 21 Jul 2025 12:27:40 INFO  Saving current: saved\BPR-Jul-21-2025_12-27-27.pth
Mon 21 Jul 2025 12:27:40 INFO  epoch 5 training [time: 0.33s, train loss: 18.4891]
Mon 21 Jul 2025 12:27:42 INFO  epoch 5 evaluating [time: 2.15s, valid_score: 0.268200]
Mon 21 Jul 2025 12:27:42 INFO  valid result: 
recall@10 : 0.1169    mrr@10 : 0.2682    ndcg@10 : 0.139    hit@10 : 0.5567    precision@10 : 0.1019
Mon 21 Jul 2025 12:27:42 INFO  Saving current: saved\BPR-Jul-21-2025_12-27-27.pth
Mon 21 Jul 2025 12:27:43 INFO  epoch 6 training [time: 0.36s, train loss: 15.6431]
Mon 21 Jul 2025 12:27:45 INFO  epoch 6 evaluating [time: 1.98s, valid_score: 0.277200]
Mon 21 Jul 2025 12:27:45 INFO  valid result: 
recall@10 : 0.1252    mrr@10 : 0.2772    ndcg@10 : 0.1457    hit@10 : 0.5801    precision@10 : 0.1054
Mon 21 Jul 2025 12:27:45 INFO  Saving current: saved\BPR-Jul-21-2025_12-27-27.pth
Mon 21 Jul 2025 12:27:45 INFO  epoch 7 training [time: 0.32s, train loss: 14.2810]
Mon 21 Jul 2025 12:27:47 INFO  epoch 7 evaluating [time: 1.92s, valid_score: 0.288200]
Mon 21 Jul 2025 12:27:47 INFO  valid result: 
recall@10 : 0.1258    mrr@10 : 0.2882    ndcg@10 : 0.1489    hit@10 : 0.5864    precision@10 : 0.1057
Mon 21 Jul 2025 12:27:47 INFO  Saving current: saved\BPR-Jul-21-2025_12-27-27.pth
Mon 21 Jul 2025 12:27:47 INFO  epoch 8 training [time: 0.34s, train loss: 13.4723]
Mon 21 Jul 2025 12:27:49 INFO  epoch 8 evaluating [time: 2.10s, valid_score: 0.294800]
Mon 21 Jul 2025 12:27:49 INFO  valid result: 
recall@10 : 0.1305    mrr@10 : 0.2948    ndcg@10 : 0.1541    hit@10 : 0.5917    precision@10 : 0.1078
Mon 21 Jul 2025 12:27:49 INFO  Saving current: saved\BPR-Jul-21-2025_12-27-27.pth
Mon 21 Jul 2025 12:27:50 INFO  epoch 9 training [time: 0.30s, train loss: 12.8887]
Mon 21 Jul 2025 12:27:51 INFO  epoch 9 evaluating [time: 1.77s, valid_score: 0.299100]
Mon 21 Jul 2025 12:27:51 INFO  valid result: 
recall@10 : 0.1395    mrr@10 : 0.2991    ndcg@10 : 0.1601    hit@10 : 0.6119    precision@10 : 0.112
Mon 21 Jul 2025 12:27:51 INFO  Saving current: saved\BPR-Jul-21-2025_12-27-27.pth
Mon 21 Jul 2025 12:27:52 INFO  epoch 10 training [time: 0.28s, train loss: 12.4353]
Mon 21 Jul 2025 12:27:54 INFO  epoch 10 evaluating [time: 1.87s, valid_score: 0.309500]
Mon 21 Jul 2025 12:27:54 INFO  valid result: 
recall@10 : 0.1485    mrr@10 : 0.3095    ndcg@10 : 0.1683    hit@10 : 0.6257    precision@10 : 0.1169
Mon 21 Jul 2025 12:27:54 INFO  Saving current: saved\BPR-Jul-21-2025_12-27-27.pth
Mon 21 Jul 2025 12:27:54 INFO  epoch 11 training [time: 0.34s, train loss: 11.9655]
Mon 21 Jul 2025 12:27:56 INFO  epoch 11 evaluating [time: 2.17s, valid_score: 0.319200]
Mon 21 Jul 2025 12:27:56 INFO  valid result: 
recall@10 : 0.1562    mrr@10 : 0.3192    ndcg@10 : 0.176    hit@10 : 0.6384    precision@10 : 0.1214
Mon 21 Jul 2025 12:27:56 INFO  Saving current: saved\BPR-Jul-21-2025_12-27-27.pth
Mon 21 Jul 2025 12:27:56 INFO  epoch 12 training [time: 0.33s, train loss: 11.5190]
Mon 21 Jul 2025 12:27:58 INFO  epoch 12 evaluating [time: 1.88s, valid_score: 0.326500]
Mon 21 Jul 2025 12:27:58 INFO  valid result: 
recall@10 : 0.1645    mrr@10 : 0.3265    ndcg@10 : 0.1826    hit@10 : 0.6522    precision@10 : 0.125
Mon 21 Jul 2025 12:27:58 INFO  Saving current: saved\BPR-Jul-21-2025_12-27-27.pth
Mon 21 Jul 2025 12:27:59 INFO  epoch 13 training [time: 0.33s, train loss: 11.1336]
