Mon 21 Jul 2025 12:42:23 INFO  [Training]: train_batch_size = [2048] train_neg_sample_args: [{'distribution': 'uniform', 'sample_num': 1, 'alpha': 1.0, 'dynamic': False, 'candidate_num': 0}]
Mon 21 Jul 2025 12:42:23 INFO  [Evaluation]: eval_batch_size = [4096] eval_args: [{'split': {'RS': [0.8, 0.1, 0.1]}, 'order': 'RO', 'group_by': 'user', 'mode': {'valid': 'full', 'test': 'full'}}]
Mon 21 Jul 2025 12:42:50 INFO  Loading model structure and parameters from C:/Users/Sharjeel Mustafa/Documents/Documents/Academic/C874/C874-final-project/log/saved/BPR-Jul-21-2025_12-42-23.pth
Mon 21 Jul 2025 12:42:50 INFO  
General Hyper Parameters:
gpu_id = 0
use_gpu = True
seed = 2020
state = INFO
reproducibility = True
data_path = C:\Users\Sharjeel Mustafa\miniconda3\envs\recbole\Lib\site-packages\recbole\config\../dataset_example/ml-100k
checkpoint_dir = saved
show_progress = True
save_dataset = False
dataset_save_path = None
save_dataloaders = False
dataloaders_save_path = None
log_wandb = False

Training Hyper Parameters:
epochs = 300
train_batch_size = 2048
learner = adam
learning_rate = 0.0013966767643132745
train_neg_sample_args = {'distribution': 'uniform', 'sample_num': 1, 'alpha': 1.0, 'dynamic': False, 'candidate_num': 0}
eval_step = 1
stopping_step = 10
clip_grad_norm = None
weight_decay = 0.0
loss_decimal_place = 4

Evaluation Hyper Parameters:
eval_args = {'split': {'RS': [0.8, 0.1, 0.1]}, 'order': 'RO', 'group_by': 'user', 'mode': {'valid': 'full', 'test': 'full'}}
repeatable = False
metrics = ['Recall', 'MRR', 'NDCG', 'Hit', 'Precision']
topk = [10]
valid_metric = MRR@10
valid_metric_bigger = True
eval_batch_size = 4096
metric_decimal_place = 4

Dataset Hyper Parameters:
field_separator = 	
seq_separator =  
USER_ID_FIELD = user_id
ITEM_ID_FIELD = item_id
RATING_FIELD = rating
TIME_FIELD = timestamp
seq_len = None
LABEL_FIELD = label
threshold = None
NEG_PREFIX = neg_
load_col = {'inter': ['user_id', 'item_id', 'rating', 'timestamp']}
unload_col = None
unused_col = None
additional_feat_suffix = None
rm_dup_inter = None
val_interval = None
filter_inter_by_user_or_item = True
user_inter_num_interval = None
item_inter_num_interval = None
alias_of_user_id = None
alias_of_item_id = None
alias_of_entity_id = None
alias_of_relation_id = None
preload_weight = None
normalize_field = None
normalize_all = True
ITEM_LIST_LENGTH_FIELD = item_length
LIST_SUFFIX = _list
MAX_ITEM_LIST_LENGTH = 50
POSITION_FIELD = position_id
HEAD_ENTITY_ID_FIELD = head_id
TAIL_ENTITY_ID_FIELD = tail_id
RELATION_ID_FIELD = relation_id
ENTITY_ID_FIELD = entity_id
kg_reverse_r = False
entity_kg_num_interval = None
relation_kg_num_interval = None
benchmark_filename = None

Other Hyper Parameters: 
worker = 0
wandb_project = recbole
shuffle = True
require_pow = False
enable_amp = False
enable_scaler = False
transform = None
embedding_size = 128
numerical_features = []
discretization = None
MODEL_TYPE = ModelType.GENERAL
mlp_hidden_size = [64, 64, 64]
MODEL_INPUT_TYPE = InputType.PAIRWISE
eval_type = EvaluatorType.RANKING
single_spec = True
local_rank = 0
device = cuda
valid_neg_sample_args = {'distribution': 'uniform', 'sample_num': 'none'}
test_neg_sample_args = {'distribution': 'uniform', 'sample_num': 'none'}


Mon 21 Jul 2025 12:42:51 INFO  Dataset loaded: ml-100k
The number of users: 944
Average actions of users: 106.04453870625663
The number of items: 1683
Average actions of items: 59.45303210463734
The number of inters: 100000
The sparsity of the dataset: 93.70575143257098%
Remain Fields: ['user_id', 'item_id', 'rating', 'timestamp']
Mon 21 Jul 2025 12:42:51 INFO  [Training]: train_batch_size = [2048] train_neg_sample_args: [{'distribution': 'uniform', 'sample_num': 1, 'alpha': 1.0, 'dynamic': False, 'candidate_num': 0}]
Mon 21 Jul 2025 12:42:51 INFO  [Evaluation]: eval_batch_size = [4096] eval_args: [{'split': {'RS': [0.8, 0.1, 0.1]}, 'order': 'RO', 'group_by': 'user', 'mode': {'valid': 'full', 'test': 'full'}}]
Mon 21 Jul 2025 12:42:51 INFO  BPR(
  (user_embedding): Embedding(944, 128)
  (item_embedding): Embedding(1683, 128)
  (loss): BPRLoss()
)
Trainable parameters: 336256
Mon 21 Jul 2025 12:42:51 INFO  epoch 0 training [time: 0.15s, train loss: 27.7080]
Mon 21 Jul 2025 12:42:51 INFO  epoch 0 evaluating [time: 0.34s, valid_score: 0.030200]
Mon 21 Jul 2025 12:42:51 INFO  valid result: 
recall@10 : 0.0083    mrr@10 : 0.0302    ndcg@10 : 0.0122    hit@10 : 0.0891    precision@10 : 0.0102
Mon 21 Jul 2025 12:42:51 INFO  Saving current: saved\BPR-Jul-21-2025_12-42-51.pth
Mon 21 Jul 2025 12:42:52 INFO  epoch 1 training [time: 0.17s, train loss: 27.2699]
Mon 21 Jul 2025 12:42:52 INFO  epoch 1 evaluating [time: 0.33s, valid_score: 0.150700]
Mon 21 Jul 2025 12:42:52 INFO  valid result: 
recall@10 : 0.0518    mrr@10 : 0.1507    ndcg@10 : 0.0733    hit@10 : 0.3669    precision@10 : 0.0622
Mon 21 Jul 2025 12:42:52 INFO  Saving current: saved\BPR-Jul-21-2025_12-42-51.pth
Mon 21 Jul 2025 12:42:52 INFO  epoch 2 training [time: 0.17s, train loss: 24.8143]
Mon 21 Jul 2025 12:42:52 INFO  epoch 2 evaluating [time: 0.35s, valid_score: 0.261300]
Mon 21 Jul 2025 12:42:52 INFO  valid result: 
recall@10 : 0.1129    mrr@10 : 0.2613    ndcg@10 : 0.1375    hit@10 : 0.5472    precision@10 : 0.1024
Mon 21 Jul 2025 12:42:52 INFO  Saving current: saved\BPR-Jul-21-2025_12-42-51.pth
Mon 21 Jul 2025 12:42:53 INFO  epoch 3 training [time: 0.18s, train loss: 18.5836]
Mon 21 Jul 2025 12:42:53 INFO  epoch 3 evaluating [time: 0.34s, valid_score: 0.283800]
Mon 21 Jul 2025 12:42:53 INFO  valid result: 
recall@10 : 0.1292    mrr@10 : 0.2838    ndcg@10 : 0.1517    hit@10 : 0.5843    precision@10 : 0.11
Mon 21 Jul 2025 12:42:53 INFO  Saving current: saved\BPR-Jul-21-2025_12-42-51.pth
Mon 21 Jul 2025 12:42:53 INFO  epoch 4 training [time: 0.18s, train loss: 14.4448]
Mon 21 Jul 2025 12:42:54 INFO  epoch 4 evaluating [time: 0.34s, valid_score: 0.298000]
Mon 21 Jul 2025 12:42:54 INFO  valid result: 
recall@10 : 0.1346    mrr@10 : 0.298    ndcg@10 : 0.1584    hit@10 : 0.5917    precision@10 : 0.1109
Mon 21 Jul 2025 12:42:54 INFO  Saving current: saved\BPR-Jul-21-2025_12-42-51.pth
Mon 21 Jul 2025 12:42:54 INFO  epoch 5 training [time: 0.18s, train loss: 12.7461]
Mon 21 Jul 2025 12:42:54 INFO  epoch 5 evaluating [time: 0.37s, valid_score: 0.321800]
Mon 21 Jul 2025 12:42:54 INFO  valid result: 
recall@10 : 0.1507    mrr@10 : 0.3218    ndcg@10 : 0.1738    hit@10 : 0.6341    precision@10 : 0.1177
Mon 21 Jul 2025 12:42:54 INFO  Saving current: saved\BPR-Jul-21-2025_12-42-51.pth
Mon 21 Jul 2025 12:42:54 INFO  epoch 6 training [time: 0.18s, train loss: 11.8220]
Mon 21 Jul 2025 12:42:55 INFO  epoch 6 evaluating [time: 0.34s, valid_score: 0.321600]
Mon 21 Jul 2025 12:42:55 INFO  valid result: 
recall@10 : 0.1624    mrr@10 : 0.3216    ndcg@10 : 0.1814    hit@10 : 0.6469    precision@10 : 0.1252
Mon 21 Jul 2025 12:42:55 INFO  epoch 7 training [time: 0.17s, train loss: 11.0299]
Mon 21 Jul 2025 12:42:55 INFO  epoch 7 evaluating [time: 0.35s, valid_score: 0.327900]
Mon 21 Jul 2025 12:42:55 INFO  valid result: 
recall@10 : 0.1693    mrr@10 : 0.3279    ndcg@10 : 0.1893    hit@10 : 0.6617    precision@10 : 0.1315
Mon 21 Jul 2025 12:42:55 INFO  Saving current: saved\BPR-Jul-21-2025_12-42-51.pth
Mon 21 Jul 2025 12:42:55 INFO  epoch 8 training [time: 0.19s, train loss: 10.2689]
Mon 21 Jul 2025 12:42:56 INFO  epoch 8 evaluating [time: 0.34s, valid_score: 0.334400]
Mon 21 Jul 2025 12:42:56 INFO  valid result: 
recall@10 : 0.1784    mrr@10 : 0.3344    ndcg@10 : 0.1951    hit@10 : 0.6744    precision@10 : 0.1373
Mon 21 Jul 2025 12:42:56 INFO  Saving current: saved\BPR-Jul-21-2025_12-42-51.pth
Mon 21 Jul 2025 12:42:56 INFO  epoch 9 training [time: 0.16s, train loss: 9.6538]
Mon 21 Jul 2025 12:42:56 INFO  epoch 9 evaluating [time: 0.32s, valid_score: 0.339900]
Mon 21 Jul 2025 12:42:56 INFO  valid result: 
recall@10 : 0.1838    mrr@10 : 0.3399    ndcg@10 : 0.201    hit@10 : 0.6808    precision@10 : 0.1408
Mon 21 Jul 2025 12:42:56 INFO  Saving current: saved\BPR-Jul-21-2025_12-42-51.pth
Mon 21 Jul 2025 12:42:56 INFO  epoch 10 training [time: 0.16s, train loss: 9.1014]
Mon 21 Jul 2025 12:42:57 INFO  epoch 10 evaluating [time: 0.31s, valid_score: 0.343000]
Mon 21 Jul 2025 12:42:57 INFO  valid result: 
recall@10 : 0.1872    mrr@10 : 0.343    ndcg@10 : 0.2039    hit@10 : 0.6882    precision@10 : 0.1434
Mon 21 Jul 2025 12:42:57 INFO  Saving current: saved\BPR-Jul-21-2025_12-42-51.pth
Mon 21 Jul 2025 12:42:57 INFO  epoch 11 training [time: 0.18s, train loss: 8.6414]
Mon 21 Jul 2025 12:42:57 INFO  epoch 11 evaluating [time: 0.33s, valid_score: 0.353300]
Mon 21 Jul 2025 12:42:57 INFO  valid result: 
recall@10 : 0.1895    mrr@10 : 0.3533    ndcg@10 : 0.2075    hit@10 : 0.6903    precision@10 : 0.1444
Mon 21 Jul 2025 12:42:57 INFO  Saving current: saved\BPR-Jul-21-2025_12-42-51.pth
Mon 21 Jul 2025 12:42:57 INFO  epoch 12 training [time: 0.17s, train loss: 8.2467]
Mon 21 Jul 2025 12:42:58 INFO  epoch 12 evaluating [time: 0.29s, valid_score: 0.349000]
Mon 21 Jul 2025 12:42:58 INFO  valid result: 
recall@10 : 0.1882    mrr@10 : 0.349    ndcg@10 : 0.2074    hit@10 : 0.6999    precision@10 : 0.1459
Mon 21 Jul 2025 12:42:58 INFO  epoch 13 training [time: 0.17s, train loss: 7.9341]
Mon 21 Jul 2025 12:42:58 INFO  epoch 13 evaluating [time: 0.33s, valid_score: 0.359500]
Mon 21 Jul 2025 12:42:58 INFO  valid result: 
recall@10 : 0.1932    mrr@10 : 0.3595    ndcg@10 : 0.2123    hit@10 : 0.7084    precision@10 : 0.1468
Mon 21 Jul 2025 12:42:58 INFO  Saving current: saved\BPR-Jul-21-2025_12-42-51.pth
Mon 21 Jul 2025 12:42:58 INFO  epoch 14 training [time: 0.17s, train loss: 7.6415]
Mon 21 Jul 2025 12:42:59 INFO  epoch 14 evaluating [time: 0.31s, valid_score: 0.351500]
Mon 21 Jul 2025 12:42:59 INFO  valid result: 
recall@10 : 0.1965    mrr@10 : 0.3515    ndcg@10 : 0.2132    hit@10 : 0.7084    precision@10 : 0.1501
Mon 21 Jul 2025 12:42:59 INFO  epoch 15 training [time: 0.16s, train loss: 7.3914]
Mon 21 Jul 2025 12:42:59 INFO  epoch 15 evaluating [time: 0.32s, valid_score: 0.351800]
Mon 21 Jul 2025 12:42:59 INFO  valid result: 
recall@10 : 0.196    mrr@10 : 0.3518    ndcg@10 : 0.2123    hit@10 : 0.7137    precision@10 : 0.149
Mon 21 Jul 2025 12:42:59 INFO  epoch 16 training [time: 0.16s, train loss: 7.1209]
Mon 21 Jul 2025 12:43:00 INFO  epoch 16 evaluating [time: 0.33s, valid_score: 0.351400]
Mon 21 Jul 2025 12:43:00 INFO  valid result: 
recall@10 : 0.1942    mrr@10 : 0.3514    ndcg@10 : 0.2103    hit@10 : 0.7105    precision@10 : 0.1488
Mon 21 Jul 2025 12:43:00 INFO  epoch 17 training [time: 0.18s, train loss: 6.8449]
Mon 21 Jul 2025 12:43:00 INFO  epoch 17 evaluating [time: 0.33s, valid_score: 0.360800]
Mon 21 Jul 2025 12:43:00 INFO  valid result: 
recall@10 : 0.1981    mrr@10 : 0.3608    ndcg@10 : 0.2148    hit@10 : 0.7211    precision@10 : 0.151
Mon 21 Jul 2025 12:43:00 INFO  Saving current: saved\BPR-Jul-21-2025_12-42-51.pth
Mon 21 Jul 2025 12:43:00 INFO  epoch 18 training [time: 0.17s, train loss: 6.5896]
Mon 21 Jul 2025 12:43:01 INFO  epoch 18 evaluating [time: 0.32s, valid_score: 0.362500]
Mon 21 Jul 2025 12:43:01 INFO  valid result: 
recall@10 : 0.2009    mrr@10 : 0.3625    ndcg@10 : 0.2172    hit@10 : 0.7222    precision@10 : 0.1538
Mon 21 Jul 2025 12:43:01 INFO  Saving current: saved\BPR-Jul-21-2025_12-42-51.pth
Mon 21 Jul 2025 12:43:01 INFO  epoch 19 training [time: 0.16s, train loss: 6.4966]
Mon 21 Jul 2025 12:43:01 INFO  epoch 19 evaluating [time: 0.33s, valid_score: 0.369700]
Mon 21 Jul 2025 12:43:01 INFO  valid result: 
recall@10 : 0.2023    mrr@10 : 0.3697    ndcg@10 : 0.2205    hit@10 : 0.7243    precision@10 : 0.1551
Mon 21 Jul 2025 12:43:01 INFO  Saving current: saved\BPR-Jul-21-2025_12-42-51.pth
Mon 21 Jul 2025 12:43:01 INFO  epoch 20 training [time: 0.17s, train loss: 6.3473]
Mon 21 Jul 2025 12:43:02 INFO  epoch 20 evaluating [time: 0.32s, valid_score: 0.370000]
Mon 21 Jul 2025 12:43:02 INFO  valid result: 
recall@10 : 0.201    mrr@10 : 0.37    ndcg@10 : 0.22    hit@10 : 0.7285    precision@10 : 0.1546
Mon 21 Jul 2025 12:43:02 INFO  Saving current: saved\BPR-Jul-21-2025_12-42-51.pth
Mon 21 Jul 2025 12:43:02 INFO  epoch 21 training [time: 0.17s, train loss: 6.0978]
Mon 21 Jul 2025 12:43:02 INFO  epoch 21 evaluating [time: 0.35s, valid_score: 0.367200]
Mon 21 Jul 2025 12:43:02 INFO  valid result: 
recall@10 : 0.2043    mrr@10 : 0.3672    ndcg@10 : 0.2218    hit@10 : 0.7296    precision@10 : 0.1565
Mon 21 Jul 2025 12:43:02 INFO  epoch 22 training [time: 0.18s, train loss: 5.8860]
Mon 21 Jul 2025 12:43:03 INFO  epoch 22 evaluating [time: 0.32s, valid_score: 0.376200]
Mon 21 Jul 2025 12:43:03 INFO  valid result: 
recall@10 : 0.205    mrr@10 : 0.3762    ndcg@10 : 0.2238    hit@10 : 0.7434    precision@10 : 0.1558
Mon 21 Jul 2025 12:43:03 INFO  Saving current: saved\BPR-Jul-21-2025_12-42-51.pth
Mon 21 Jul 2025 12:43:03 INFO  epoch 23 training [time: 0.17s, train loss: 5.7765]
Mon 21 Jul 2025 12:43:03 INFO  epoch 23 evaluating [time: 0.34s, valid_score: 0.372800]
Mon 21 Jul 2025 12:43:03 INFO  valid result: 
recall@10 : 0.2057    mrr@10 : 0.3728    ndcg@10 : 0.2233    hit@10 : 0.7391    precision@10 : 0.1566
Mon 21 Jul 2025 12:43:03 INFO  epoch 24 training [time: 0.16s, train loss: 5.5706]
Mon 21 Jul 2025 12:43:04 INFO  epoch 24 evaluating [time: 0.34s, valid_score: 0.368600]
Mon 21 Jul 2025 12:43:04 INFO  valid result: 
recall@10 : 0.2053    mrr@10 : 0.3686    ndcg@10 : 0.2224    hit@10 : 0.7285    precision@10 : 0.1559
Mon 21 Jul 2025 12:43:04 INFO  epoch 25 training [time: 0.18s, train loss: 5.4340]
Mon 21 Jul 2025 12:43:04 INFO  epoch 25 evaluating [time: 0.34s, valid_score: 0.375100]
Mon 21 Jul 2025 12:43:04 INFO  valid result: 
recall@10 : 0.208    mrr@10 : 0.3751    ndcg@10 : 0.2265    hit@10 : 0.7349    precision@10 : 0.1589
Mon 21 Jul 2025 12:43:04 INFO  epoch 26 training [time: 0.17s, train loss: 5.2956]
Mon 21 Jul 2025 12:43:05 INFO  epoch 26 evaluating [time: 0.36s, valid_score: 0.378100]
Mon 21 Jul 2025 12:43:05 INFO  valid result: 
recall@10 : 0.2094    mrr@10 : 0.3781    ndcg@10 : 0.2276    hit@10 : 0.7359    precision@10 : 0.1594
Mon 21 Jul 2025 12:43:05 INFO  Saving current: saved\BPR-Jul-21-2025_12-42-51.pth
Mon 21 Jul 2025 12:43:05 INFO  epoch 27 training [time: 0.18s, train loss: 5.1853]
Mon 21 Jul 2025 12:43:05 INFO  epoch 27 evaluating [time: 0.33s, valid_score: 0.370300]
Mon 21 Jul 2025 12:43:05 INFO  valid result: 
recall@10 : 0.2102    mrr@10 : 0.3703    ndcg@10 : 0.2269    hit@10 : 0.7413    precision@10 : 0.16
Mon 21 Jul 2025 12:43:05 INFO  epoch 28 training [time: 0.17s, train loss: 4.9796]
Mon 21 Jul 2025 12:43:06 INFO  epoch 28 evaluating [time: 0.34s, valid_score: 0.373200]
Mon 21 Jul 2025 12:43:06 INFO  valid result: 
recall@10 : 0.2093    mrr@10 : 0.3732    ndcg@10 : 0.226    hit@10 : 0.7381    precision@10 : 0.1577
Mon 21 Jul 2025 12:43:06 INFO  epoch 29 training [time: 0.17s, train loss: 4.8374]
Mon 21 Jul 2025 12:43:06 INFO  epoch 29 evaluating [time: 0.33s, valid_score: 0.367500]
Mon 21 Jul 2025 12:43:06 INFO  valid result: 
recall@10 : 0.2101    mrr@10 : 0.3675    ndcg@10 : 0.2254    hit@10 : 0.7359    precision@10 : 0.1579
Mon 21 Jul 2025 12:43:06 INFO  epoch 30 training [time: 0.17s, train loss: 4.7156]
Mon 21 Jul 2025 12:43:07 INFO  epoch 30 evaluating [time: 0.31s, valid_score: 0.371600]
Mon 21 Jul 2025 12:43:07 INFO  valid result: 
recall@10 : 0.217    mrr@10 : 0.3716    ndcg@10 : 0.2299    hit@10 : 0.7455    precision@10 : 0.1607
Mon 21 Jul 2025 12:43:07 INFO  epoch 31 training [time: 0.17s, train loss: 4.6391]
Mon 21 Jul 2025 12:43:07 INFO  epoch 31 evaluating [time: 0.38s, valid_score: 0.373900]
Mon 21 Jul 2025 12:43:07 INFO  valid result: 
recall@10 : 0.2114    mrr@10 : 0.3739    ndcg@10 : 0.2283    hit@10 : 0.7402    precision@10 : 0.1591
Mon 21 Jul 2025 12:43:08 INFO  epoch 32 training [time: 0.19s, train loss: 4.4454]
Mon 21 Jul 2025 12:43:08 INFO  epoch 32 evaluating [time: 0.33s, valid_score: 0.372600]
Mon 21 Jul 2025 12:43:08 INFO  valid result: 
recall@10 : 0.2148    mrr@10 : 0.3726    ndcg@10 : 0.2299    hit@10 : 0.7508    precision@10 : 0.16
Mon 21 Jul 2025 12:43:08 INFO  epoch 33 training [time: 0.16s, train loss: 4.3672]
Mon 21 Jul 2025 12:43:08 INFO  epoch 33 evaluating [time: 0.32s, valid_score: 0.373500]
Mon 21 Jul 2025 12:43:08 INFO  valid result: 
recall@10 : 0.2179    mrr@10 : 0.3735    ndcg@10 : 0.2318    hit@10 : 0.7561    precision@10 : 0.1621
Mon 21 Jul 2025 12:43:09 INFO  epoch 34 training [time: 0.16s, train loss: 4.2545]
Mon 21 Jul 2025 12:43:09 INFO  epoch 34 evaluating [time: 0.31s, valid_score: 0.377700]
Mon 21 Jul 2025 12:43:09 INFO  valid result: 
recall@10 : 0.2187    mrr@10 : 0.3777    ndcg@10 : 0.2326    hit@10 : 0.7582    precision@10 : 0.1606
Mon 21 Jul 2025 12:43:09 INFO  epoch 35 training [time: 0.16s, train loss: 4.1591]
Mon 21 Jul 2025 12:43:09 INFO  epoch 35 evaluating [time: 0.31s, valid_score: 0.380700]
Mon 21 Jul 2025 12:43:09 INFO  valid result: 
recall@10 : 0.2144    mrr@10 : 0.3807    ndcg@10 : 0.2314    hit@10 : 0.7476    precision@10 : 0.159
Mon 21 Jul 2025 12:43:09 INFO  Saving current: saved\BPR-Jul-21-2025_12-42-51.pth
Mon 21 Jul 2025 12:43:09 INFO  epoch 36 training [time: 0.16s, train loss: 3.9754]
Mon 21 Jul 2025 12:43:10 INFO  epoch 36 evaluating [time: 0.33s, valid_score: 0.382000]
Mon 21 Jul 2025 12:43:10 INFO  valid result: 
recall@10 : 0.2132    mrr@10 : 0.382    ndcg@10 : 0.2317    hit@10 : 0.7487    precision@10 : 0.1591
Mon 21 Jul 2025 12:43:10 INFO  Saving current: saved\BPR-Jul-21-2025_12-42-51.pth
Mon 21 Jul 2025 12:43:10 INFO  epoch 37 training [time: 0.15s, train loss: 3.9429]
Mon 21 Jul 2025 12:43:10 INFO  epoch 37 evaluating [time: 0.33s, valid_score: 0.382100]
Mon 21 Jul 2025 12:43:10 INFO  valid result: 
recall@10 : 0.2153    mrr@10 : 0.3821    ndcg@10 : 0.2329    hit@10 : 0.755    precision@10 : 0.16
Mon 21 Jul 2025 12:43:10 INFO  Saving current: saved\BPR-Jul-21-2025_12-42-51.pth
Mon 21 Jul 2025 12:43:10 INFO  epoch 38 training [time: 0.15s, train loss: 3.8333]
Mon 21 Jul 2025 12:43:11 INFO  epoch 38 evaluating [time: 0.29s, valid_score: 0.380500]
Mon 21 Jul 2025 12:43:11 INFO  valid result: 
recall@10 : 0.2106    mrr@10 : 0.3805    ndcg@10 : 0.2305    hit@10 : 0.7466    precision@10 : 0.1581
Mon 21 Jul 2025 12:43:11 INFO  epoch 39 training [time: 0.16s, train loss: 3.7298]
Mon 21 Jul 2025 12:43:11 INFO  epoch 39 evaluating [time: 0.29s, valid_score: 0.382900]
Mon 21 Jul 2025 12:43:11 INFO  valid result: 
recall@10 : 0.214    mrr@10 : 0.3829    ndcg@10 : 0.2329    hit@10 : 0.7497    precision@10 : 0.1598
Mon 21 Jul 2025 12:43:11 INFO  Saving current: saved\BPR-Jul-21-2025_12-42-51.pth
Mon 21 Jul 2025 12:43:11 INFO  epoch 40 training [time: 0.16s, train loss: 3.6618]
Mon 21 Jul 2025 12:43:12 INFO  epoch 40 evaluating [time: 0.31s, valid_score: 0.388900]
Mon 21 Jul 2025 12:43:12 INFO  valid result: 
recall@10 : 0.2147    mrr@10 : 0.3889    ndcg@10 : 0.2338    hit@10 : 0.7572    precision@10 : 0.1589
Mon 21 Jul 2025 12:43:12 INFO  Saving current: saved\BPR-Jul-21-2025_12-42-51.pth
Mon 21 Jul 2025 12:43:12 INFO  epoch 41 training [time: 0.16s, train loss: 3.5308]
Mon 21 Jul 2025 12:43:12 INFO  epoch 41 evaluating [time: 0.29s, valid_score: 0.385500]
Mon 21 Jul 2025 12:43:12 INFO  valid result: 
recall@10 : 0.2191    mrr@10 : 0.3855    ndcg@10 : 0.2341    hit@10 : 0.7635    precision@10 : 0.1604
Mon 21 Jul 2025 12:43:12 INFO  epoch 42 training [time: 0.15s, train loss: 3.4695]
Mon 21 Jul 2025 12:43:13 INFO  epoch 42 evaluating [time: 0.30s, valid_score: 0.381300]
Mon 21 Jul 2025 12:43:13 INFO  valid result: 
recall@10 : 0.22    mrr@10 : 0.3813    ndcg@10 : 0.2326    hit@10 : 0.7678    precision@10 : 0.1606
Mon 21 Jul 2025 12:43:13 INFO  epoch 43 training [time: 0.15s, train loss: 3.4599]
Mon 21 Jul 2025 12:43:13 INFO  epoch 43 evaluating [time: 0.29s, valid_score: 0.378800]
Mon 21 Jul 2025 12:43:13 INFO  valid result: 
recall@10 : 0.2184    mrr@10 : 0.3788    ndcg@10 : 0.2316    hit@10 : 0.7603    precision@10 : 0.1591
Mon 21 Jul 2025 12:43:13 INFO  epoch 44 training [time: 0.15s, train loss: 3.2933]
Mon 21 Jul 2025 12:43:13 INFO  epoch 44 evaluating [time: 0.30s, valid_score: 0.376900]
Mon 21 Jul 2025 12:43:13 INFO  valid result: 
recall@10 : 0.217    mrr@10 : 0.3769    ndcg@10 : 0.2304    hit@10 : 0.7635    precision@10 : 0.1589
Mon 21 Jul 2025 12:43:14 INFO  epoch 45 training [time: 0.15s, train loss: 3.2311]
Mon 21 Jul 2025 12:43:14 INFO  epoch 45 evaluating [time: 0.32s, valid_score: 0.377000]
Mon 21 Jul 2025 12:43:14 INFO  valid result: 
recall@10 : 0.217    mrr@10 : 0.377    ndcg@10 : 0.2298    hit@10 : 0.7614    precision@10 : 0.1578
Mon 21 Jul 2025 12:43:14 INFO  epoch 46 training [time: 0.16s, train loss: 3.1701]
Mon 21 Jul 2025 12:43:14 INFO  epoch 46 evaluating [time: 0.31s, valid_score: 0.383900]
Mon 21 Jul 2025 12:43:14 INFO  valid result: 
recall@10 : 0.2193    mrr@10 : 0.3839    ndcg@10 : 0.232    hit@10 : 0.7688    precision@10 : 0.1583
Mon 21 Jul 2025 12:43:15 INFO  epoch 47 training [time: 0.15s, train loss: 3.0271]
Mon 21 Jul 2025 12:43:15 INFO  epoch 47 evaluating [time: 0.33s, valid_score: 0.389800]
Mon 21 Jul 2025 12:43:15 INFO  valid result: 
recall@10 : 0.2176    mrr@10 : 0.3898    ndcg@10 : 0.2331    hit@10 : 0.7625    precision@10 : 0.1573
Mon 21 Jul 2025 12:43:15 INFO  Saving current: saved\BPR-Jul-21-2025_12-42-51.pth
Mon 21 Jul 2025 12:43:15 INFO  epoch 48 training [time: 0.16s, train loss: 2.9390]
Mon 21 Jul 2025 12:43:15 INFO  epoch 48 evaluating [time: 0.29s, valid_score: 0.389100]
Mon 21 Jul 2025 12:43:15 INFO  valid result: 
recall@10 : 0.2221    mrr@10 : 0.3891    ndcg@10 : 0.2351    hit@10 : 0.7678    precision@10 : 0.159
Mon 21 Jul 2025 12:43:16 INFO  epoch 49 training [time: 0.15s, train loss: 2.9412]
Mon 21 Jul 2025 12:43:16 INFO  epoch 49 evaluating [time: 0.29s, valid_score: 0.388200]
Mon 21 Jul 2025 12:43:16 INFO  valid result: 
recall@10 : 0.2201    mrr@10 : 0.3882    ndcg@10 : 0.2336    hit@10 : 0.7646    precision@10 : 0.1579
Mon 21 Jul 2025 12:43:16 INFO  epoch 50 training [time: 0.16s, train loss: 2.8861]
Mon 21 Jul 2025 12:43:16 INFO  epoch 50 evaluating [time: 0.29s, valid_score: 0.383500]
Mon 21 Jul 2025 12:43:16 INFO  valid result: 
recall@10 : 0.2208    mrr@10 : 0.3835    ndcg@10 : 0.2317    hit@10 : 0.7709    precision@10 : 0.1576
Mon 21 Jul 2025 12:43:16 INFO  epoch 51 training [time: 0.15s, train loss: 2.7774]
Mon 21 Jul 2025 12:43:17 INFO  epoch 51 evaluating [time: 0.29s, valid_score: 0.375300]
Mon 21 Jul 2025 12:43:17 INFO  valid result: 
recall@10 : 0.2163    mrr@10 : 0.3753    ndcg@10 : 0.2284    hit@10 : 0.754    precision@10 : 0.156
Mon 21 Jul 2025 12:43:17 INFO  epoch 52 training [time: 0.16s, train loss: 2.6778]
Mon 21 Jul 2025 12:43:17 INFO  epoch 52 evaluating [time: 0.32s, valid_score: 0.380800]
Mon 21 Jul 2025 12:43:17 INFO  valid result: 
recall@10 : 0.2151    mrr@10 : 0.3808    ndcg@10 : 0.229    hit@10 : 0.7529    precision@10 : 0.1552
Mon 21 Jul 2025 12:43:17 INFO  epoch 53 training [time: 0.16s, train loss: 2.6185]
Mon 21 Jul 2025 12:43:18 INFO  epoch 53 evaluating [time: 0.32s, valid_score: 0.386000]
Mon 21 Jul 2025 12:43:18 INFO  valid result: 
recall@10 : 0.2141    mrr@10 : 0.386    ndcg@10 : 0.23    hit@10 : 0.755    precision@10 : 0.1547
Mon 21 Jul 2025 12:43:18 INFO  epoch 54 training [time: 0.17s, train loss: 2.6098]
Mon 21 Jul 2025 12:43:18 INFO  epoch 54 evaluating [time: 0.37s, valid_score: 0.385200]
Mon 21 Jul 2025 12:43:18 INFO  valid result: 
recall@10 : 0.2171    mrr@10 : 0.3852    ndcg@10 : 0.2296    hit@10 : 0.7646    precision@10 : 0.1557
Mon 21 Jul 2025 12:43:18 INFO  epoch 55 training [time: 0.17s, train loss: 2.5023]
Mon 21 Jul 2025 12:43:19 INFO  epoch 55 evaluating [time: 0.34s, valid_score: 0.380900]
Mon 21 Jul 2025 12:43:19 INFO  valid result: 
recall@10 : 0.2178    mrr@10 : 0.3809    ndcg@10 : 0.2294    hit@10 : 0.7593    precision@10 : 0.1572
Mon 21 Jul 2025 12:43:19 INFO  epoch 56 training [time: 0.17s, train loss: 2.4930]
Mon 21 Jul 2025 12:43:19 INFO  epoch 56 evaluating [time: 0.31s, valid_score: 0.380600]
Mon 21 Jul 2025 12:43:19 INFO  valid result: 
recall@10 : 0.2163    mrr@10 : 0.3806    ndcg@10 : 0.2284    hit@10 : 0.754    precision@10 : 0.1557
Mon 21 Jul 2025 12:43:19 INFO  epoch 57 training [time: 0.16s, train loss: 2.4570]
Mon 21 Jul 2025 12:43:20 INFO  epoch 57 evaluating [time: 0.31s, valid_score: 0.379300]
Mon 21 Jul 2025 12:43:20 INFO  valid result: 
recall@10 : 0.2142    mrr@10 : 0.3793    ndcg@10 : 0.2266    hit@10 : 0.7508    precision@10 : 0.1536
Mon 21 Jul 2025 12:43:20 INFO  epoch 58 training [time: 0.15s, train loss: 2.3895]
Mon 21 Jul 2025 12:43:20 INFO  epoch 58 evaluating [time: 0.30s, valid_score: 0.380800]
Mon 21 Jul 2025 12:43:20 INFO  valid result: 
recall@10 : 0.2165    mrr@10 : 0.3808    ndcg@10 : 0.2274    hit@10 : 0.7582    precision@10 : 0.154
Mon 21 Jul 2025 12:43:20 INFO  Finished training, best eval result in epoch 47
Mon 21 Jul 2025 12:43:20 INFO  Loading model structure and parameters from saved\BPR-Jul-21-2025_12-42-51.pth
